[webapplayers.com/inspinia_admin-v2.9.1/index.html]
[backblue.gif]
[fade.gif]
[index.html]
[webapplayers.com/inspinia_admin-v2.9.1/css/bootstrap.min.css]
[webapplayers.com/inspinia_admin-v2.9.1/font-awesome/css/font-awesome.css]
[webapplayers.com/inspinia_admin-v2.9.1/css/plugins/toastr/toastr.min.css]
[webapplayers.com/inspinia_admin-v2.9.1/js/plugins/gritter/jquery.gritter.css]
[webapplayers.com/inspinia_admin-v2.9.1/css/animate.css]
[webapplayers.com/inspinia_admin-v2.9.1/img/profile_small.jpg]
[webapplayers.com/inspinia_admin-v2.9.1/css/style.css]
[webapplayers.com/inspinia_admin-v2.9.1/profile.html]
[webapplayers.com/inspinia_admin-v2.9.1/contacts.html]
[webapplayers.com/inspinia_admin-v2.9.1/mailbox.html]
[webapplayers.com/inspinia_admin-v2.9.1/login.html]
[webapplayers.com/inspinia_admin-v2.9.1/dashboard_2.html]
[webapplayers.com/inspinia_admin-v2.9.1/dashboard_3.html]
[webapplayers.com/inspinia_admin-v2.9.1/dashboard_4_1.html]
[webapplayers.com/inspinia_admin-v2.9.1/dashboard_5.html]
[webapplayers.com/inspinia_admin-v2.9.1/layouts.html]
[webapplayers.com/inspinia_admin-v2.9.1/graph_flot.html]
[webapplayers.com/inspinia_admin-v2.9.1/graph_morris.html]
[webapplayers.com/inspinia_admin-v2.9.1/graph_rickshaw.html]
[webapplayers.com/inspinia_admin-v2.9.1/graph_chartist.html]
[webapplayers.com/inspinia_admin-v2.9.1/graph_chartjs.html]
[webapplayers.com/inspinia_admin-v2.9.1/c3.html]
[webapplayers.com/inspinia_admin-v2.9.1/graph_peity.html]
[webapplayers.com/inspinia_admin-v2.9.1/graph_sparkline.html]
[webapplayers.com/inspinia_admin-v2.9.1/mail_detail.html]
[webapplayers.com/inspinia_admin-v2.9.1/mail_compose.html]
[webapplayers.com/inspinia_admin-v2.9.1/email_template.html]
[webapplayers.com/inspinia_admin-v2.9.1/metrics.html]
[webapplayers.com/inspinia_admin-v2.9.1/widgets.html]
[webapplayers.com/inspinia_admin-v2.9.1/form_basic.html]
[webapplayers.com/inspinia_admin-v2.9.1/form_advanced.html]
[webapplayers.com/inspinia_admin-v2.9.1/form_wizard.html]
[webapplayers.com/inspinia_admin-v2.9.1/form_file_upload.html]
[webapplayers.com/inspinia_admin-v2.9.1/form_editors.html]
[webapplayers.com/inspinia_admin-v2.9.1/form_autocomplete.html]
[webapplayers.com/inspinia_admin-v2.9.1/form_markdown.html]
[webapplayers.com/inspinia_admin-v2.9.1/profile_2.html]
[webapplayers.com/inspinia_admin-v2.9.1/contacts_2.html]
[webapplayers.com/inspinia_admin-v2.9.1/projects.html]
[webapplayers.com/inspinia_admin-v2.9.1/project_detail.html]
[webapplayers.com/inspinia_admin-v2.9.1/activity_stream.html]
[webapplayers.com/inspinia_admin-v2.9.1/teams_board.html]
[webapplayers.com/inspinia_admin-v2.9.1/social_feed.html]
[webapplayers.com/inspinia_admin-v2.9.1/clients.html]
[webapplayers.com/inspinia_admin-v2.9.1/full_height.html]
[webapplayers.com/inspinia_admin-v2.9.1/vote_list.html]
[webapplayers.com/inspinia_admin-v2.9.1/file_manager.html]
[webapplayers.com/inspinia_admin-v2.9.1/calendar.html]
[webapplayers.com/inspinia_admin-v2.9.1/issue_tracker.html]
[webapplayers.com/inspinia_admin-v2.9.1/blog.html]
[webapplayers.com/inspinia_admin-v2.9.1/article.html]
[webapplayers.com/inspinia_admin-v2.9.1/faq.html]
[webapplayers.com/inspinia_admin-v2.9.1/timeline.html]
[webapplayers.com/inspinia_admin-v2.9.1/pin_board.html]
[webapplayers.com/inspinia_admin-v2.9.1/search_results.html]
[webapplayers.com/inspinia_admin-v2.9.1/lockscreen.html]
[webapplayers.com/inspinia_admin-v2.9.1/invoice.html]
[webapplayers.com/inspinia_admin-v2.9.1/login_two_columns.html]
[webapplayers.com/inspinia_admin-v2.9.1/forgot_password.html]
[webapplayers.com/inspinia_admin-v2.9.1/register.html]
[webapplayers.com/inspinia_admin-v2.9.1/404.html]
[webapplayers.com/inspinia_admin-v2.9.1/500.html]
[webapplayers.com/inspinia_admin-v2.9.1/empty_page.html]
[webapplayers.com/inspinia_admin-v2.9.1/toastr_notifications.html]
[webapplayers.com/inspinia_admin-v2.9.1/nestable_list.html]
[webapplayers.com/inspinia_admin-v2.9.1/agile_board.html]
[webapplayers.com/inspinia_admin-v2.9.1/timeline_2.html]
[webapplayers.com/inspinia_admin-v2.9.1/diff.html]
[webapplayers.com/inspinia_admin-v2.9.1/pdf_viewer.html]
[webapplayers.com/inspinia_admin-v2.9.1/i18support.html]
[webapplayers.com/inspinia_admin-v2.9.1/sweetalert.html]
[webapplayers.com/inspinia_admin-v2.9.1/idle_timer.html]
[webapplayers.com/inspinia_admin-v2.9.1/truncate.html]
[webapplayers.com/inspinia_admin-v2.9.1/password_meter.html]
[webapplayers.com/inspinia_admin-v2.9.1/spinners.html]
[webapplayers.com/inspinia_admin-v2.9.1/spinners_usage.html]
[webapplayers.com/inspinia_admin-v2.9.1/tinycon.html]
[webapplayers.com/inspinia_admin-v2.9.1/google_maps.html]
[webapplayers.com/inspinia_admin-v2.9.1/datamaps.html]
[webapplayers.com/inspinia_admin-v2.9.1/social_buttons.html]
[webapplayers.com/inspinia_admin-v2.9.1/code_editor.html]
[webapplayers.com/inspinia_admin-v2.9.1/modal_window.html]
[webapplayers.com/inspinia_admin-v2.9.1/clipboard.html]
[webapplayers.com/inspinia_admin-v2.9.1/text_spinners.html]
[webapplayers.com/inspinia_admin-v2.9.1/forum_main.html]
[webapplayers.com/inspinia_admin-v2.9.1/validation.html]
[webapplayers.com/inspinia_admin-v2.9.1/tree_view.html]
[webapplayers.com/inspinia_admin-v2.9.1/loading_buttons.html]
[webapplayers.com/inspinia_admin-v2.9.1/chat_view.html]
[webapplayers.com/inspinia_admin-v2.9.1/masonry.html]
[webapplayers.com/inspinia_admin-v2.9.1/tour.html]
[webapplayers.com/inspinia_admin-v2.9.1/typography.html]
[webapplayers.com/inspinia_admin-v2.9.1/icons.html]
[webapplayers.com/inspinia_admin-v2.9.1/draggable_panels.html]
[webapplayers.com/inspinia_admin-v2.9.1/resizeable_panels.html]
[webapplayers.com/inspinia_admin-v2.9.1/buttons.html]
[webapplayers.com/inspinia_admin-v2.9.1/video.html]
[webapplayers.com/inspinia_admin-v2.9.1/tabs_panels.html]
[webapplayers.com/inspinia_admin-v2.9.1/tabs.html]
[webapplayers.com/inspinia_admin-v2.9.1/notifications.html]
[webapplayers.com/inspinia_admin-v2.9.1/helper_classes.html]
[webapplayers.com/inspinia_admin-v2.9.1/badges_labels.html]
[webapplayers.com/inspinia_admin-v2.9.1/grid_options.html]
[webapplayers.com/inspinia_admin-v2.9.1/table_basic.html]
[webapplayers.com/inspinia_admin-v2.9.1/table_data_tables.html]
[webapplayers.com/inspinia_admin-v2.9.1/table_foo_table.html]
[webapplayers.com/inspinia_admin-v2.9.1/jq_grid.html]
[webapplayers.com/inspinia_admin-v2.9.1/ecommerce_products_grid.html]
[webapplayers.com/inspinia_admin-v2.9.1/ecommerce_product_list.html]
[webapplayers.com/inspinia_admin-v2.9.1/ecommerce_product.html]
[webapplayers.com/inspinia_admin-v2.9.1/ecommerce_product_detail.html]
[webapplayers.com/inspinia_admin-v2.9.1/ecommerce-cart.html]
[webapplayers.com/inspinia_admin-v2.9.1/ecommerce-orders.html]
[webapplayers.com/inspinia_admin-v2.9.1/ecommerce_payments.html]
[webapplayers.com/inspinia_admin-v2.9.1/basic_gallery.html]
[webapplayers.com/inspinia_admin-v2.9.1/slick_carousel.html]
[webapplayers.com/inspinia_admin-v2.9.1/carousel.html]
[webapplayers.com/inspinia_admin-v2.9.1/css_animation.html]
[webapplayers.com/inspinia_admin-v2.9.1/landing.html]
[webapplayers.com/inspinia_admin-v2.9.1/package.html]
[webapplayers.com/inspinia_admin-v2.9.1/img/a7.jpg]
[webapplayers.com/inspinia_admin-v2.9.1/img/a4.jpg]
[webapplayers.com/inspinia_admin-v2.9.1/img/profile.jpg]
[webapplayers.com/inspinia_admin-v2.9.1/img/a2.jpg]
[webapplayers.com/inspinia_admin-v2.9.1/img/a3.jpg]
[webapplayers.com/inspinia_admin-v2.9.1/img/a5.jpg]
[webapplayers.com/inspinia_admin-v2.9.1/img/a1.jpg]
[webapplayers.com/inspinia_admin-v2.9.1/img/a8.jpg]
[webapplayers.com/inspinia_admin-v2.9.1/js/popper.min.js]
[webapplayers.com/inspinia_admin-v2.9.1/js/plugins/metisMenu/jquery.metisMenu.js]
[webapplayers.com/inspinia_admin-v2.9.1/js/plugins/slimscroll/jquery.slimscroll.min.js]
[webapplayers.com/inspinia_admin-v2.9.1/js/bootstrap.js]
[webapplayers.com/inspinia_admin-v2.9.1/js/jquery-3.1.1.min.js]
[webapplayers.com/inspinia_admin-v2.9.1/js/plugins/flot/jquery.flot.tooltip.min.js]
[webapplayers.com/inspinia_admin-v2.9.1/js/plugins/flot/jquery.flot.js]
[webapplayers.com/inspinia_admin-v2.9.1/js/plugins/flot/jquery.flot.spline.js]
[webapplayers.com/inspinia_admin-v2.9.1/js/plugins/flot/jquery.flot.resize.js]
[webapplayers.com/inspinia_admin-v2.9.1/js/plugins/flot/jquery.flot.pie.js]
[webapplayers.com/inspinia_admin-v2.9.1/js/plugins/peity/jquery.peity.min.js]
[webapplayers.com/inspinia_admin-v2.9.1/js/demo/peity-demo.js]
[webapplayers.com/inspinia_admin-v2.9.1/js/inspinia.js]
[webapplayers.com/inspinia_admin-v2.9.1/js/plugins/pace/pace.min.js]
[webapplayers.com/inspinia_admin-v2.9.1/js/plugins/gritter/jquery.gritter.min.js]
[webapplayers.com/inspinia_admin-v2.9.1/js/demo/sparkline-demo.js]
[webapplayers.com/inspinia_admin-v2.9.1/js/plugins/toastr/toastr.min.js]
[www.google-analytics.com/analytics.js]
[webapplayers.com/inspinia_admin-v2.9.1/js/plugins/sparkline/jquery.sparkline.min.js]
[webapplayers.com/inspinia_admin-v2.9.1/index.html]
[webapplayers.com/inspinia_admin-v2.9.1/css/bootstrap.min.css]
[webapplayers.com/inspinia_admin-v2.9.1/font-awesome/fonts/fontawesome-webfont3e6e.eot]
[webapplayers.com/inspinia_admin-v2.9.1/js/plugins/jquery-ui/jquery-ui.min.js]
[webapplayers.com/inspinia_admin-v2.9.1/js/plugins/chartJs/Chart.min.js]
[webapplayers.com/inspinia_admin-v2.9.1/font-awesome/fonts/fontawesome-webfontd41d.eot]
[webapplayers.com/inspinia_admin-v2.9.1/font-awesome/fonts/fontawesome-webfont3e6e.woff2]
[webapplayers.com/inspinia_admin-v2.9.1/font-awesome/fonts/fontawesome-webfont3e6e.woff]
[webapplayers.com/inspinia_admin-v2.9.1/font-awesome/fonts/fontawesome-webfont3e6e.ttf]
[webapplayers.com/inspinia_admin-v2.9.1/font-awesome/css/font-awesome.css]
[webapplayers.com/inspinia_admin-v2.9.1/css/plugins/toastr/toastr.min.css]
[webapplayers.com/inspinia_admin-v2.9.1/js/plugins/gritter/images/ie-spacer.gif]
[webapplayers.com/inspinia_admin-v2.9.1/js/plugins/gritter/images/gritter.png]
[webapplayers.com/inspinia_admin-v2.9.1/font-awesome/fonts/fontawesome-webfont3e6e.svg]
[webapplayers.com/inspinia_admin-v2.9.1/js/plugins/gritter/images/gritter-light.png]
[webapplayers.com/inspinia_admin-v2.9.1/js/plugins/gritter/jquery.gritter.css]
[webapplayers.com/inspinia_admin-v2.9.1/css/animate.css]
[webapplayers.com/inspinia_admin-v2.9.1/fonts/glyphicons-halflings-regular.eot]
[webapplayers.com/inspinia_admin-v2.9.1/fonts/glyphicons-halflings-regular.woff2]
[webapplayers.com/inspinia_admin-v2.9.1/fonts/glyphicons-halflings-regular.woff]
[webapplayers.com/inspinia_admin-v2.9.1/fonts/glyphicons-halflings-regular.ttf]
[webapplayers.com/inspinia_admin-v2.9.1/fonts/glyphicons-halflings-regulard41d.eot]
[webapplayers.com/inspinia_admin-v2.9.1/fonts/glyphicons-halflings-regular.svg]
[webapplayers.com/inspinia_admin-v2.9.1/css/patterns/header-profile.png]
[webapplayers.com/inspinia_admin-v2.9.1/css/patterns/shattered.png]
[webapplayers.com/inspinia_admin-v2.9.1/img/landing/header_one.jpg]
[webapplayers.com/inspinia_admin-v2.9.1/img/landing/header_two.jpg]
[webapplayers.com/inspinia_admin-v2.9.1/img/landing/avatar_all.png]
[webapplayers.com/inspinia_admin-v2.9.1/img/landing/word_map.png]
[webapplayers.com/inspinia_admin-v2.9.1/css/patterns/header-profile-skin-1.png]
[webapplayers.com/inspinia_admin-v2.9.1/css/patterns/header-profile-skin-3.png]
[webapplayers.com/inspinia_admin-v2.9.1/css/patterns/3.png]
[webapplayers.com/inspinia_admin-v2.9.1/css/patterns/4.png]
[webapplayers.com/inspinia_admin-v2.9.1/css/patterns/header-profile-skin-2.png]
[webapplayers.com/inspinia_admin-v2.9.1/css/style.css]
[webapplayers.com/inspinia_admin-v2.9.1/img/profile_big.jpg]
[66.media.tumblr.com/20a9c501846f50c1271210639987000f/tumblr_n4vje69pJm1st5lhmo1_1280.jpg]
[webapplayers.com/inspinia_admin-v2.9.1/img/p1.jpg]
[66.media.tumblr.com/9afe602b3e624aff6681b0b51f5a062b/tumblr_n4ef69szs71st5lhmo1_1280.jpg]
[webapplayers.com/inspinia_admin-v2.9.1/img/p3.jpg]
[webapplayers.com/inspinia_admin-v2.9.1/profile.html]
[webapplayers.com/inspinia_admin-v2.9.1/img/a6.jpg]
[webapplayers.com/inspinia_admin-v2.9.1/contacts.html]
[webapplayers.com/inspinia_admin-v2.9.1/css/plugins/iCheck/custom.css]
[webapplayers.com/inspinia_admin-v2.9.1/js/plugins/iCheck/icheck.min.js]
[webapplayers.com/inspinia_admin-v2.9.1/mailbox.html]
[webapplayers.com/inspinia_admin-v2.9.1/login.html]
[webapplayers.com/inspinia_admin-v2.9.1/js/plugins/flot/jquery.flot.symbol.js]
[webapplayers.com/inspinia_admin-v2.9.1/js/plugins/flot/jquery.flot.time.js]
[webapplayers.com/inspinia_admin-v2.9.1/dashboard_2.html]
[webapplayers.com/inspinia_admin-v2.9.1/js/plugins/easypiechart/jquery.easypiechart.js]
[webapplayers.com/inspinia_admin-v2.9.1/js/plugins/jvectormap/jquery-jvectormap-2.0.2.min.js]
[webapplayers.com/inspinia_admin-v2.9.1/dashboard_3.html]
[webapplayers.com/inspinia_admin-v2.9.1/dashboard_4_1.html]
[webapplayers.com/inspinia_admin-v2.9.1/dashboard_5.html]
[webapplayers.com/inspinia_admin-v2.9.1/css/plugins/morris/morris-0.4.3.min.css]
[webapplayers.com/inspinia_admin-v2.9.1/js/plugins/flot/curvedLines.js]
[webapplayers.com/inspinia_admin-v2.9.1/img/dashboard4_2.jpg]
[webapplayers.com/inspinia_admin-v2.9.1/dashboard_4.html]
[webapplayers.com/inspinia_admin-v2.9.1/img/dashboard4_1.jpg]
[webapplayers.com/inspinia_admin-v2.9.1/img/full_height.jpg]
[webapplayers.com/inspinia_admin-v2.9.1/js/plugins/jvectormap/jquery-jvectormap-world-mill-en.js]
[webapplayers.com/inspinia_admin-v2.9.1/off_canvas_menu.html]
[webapplayers.com/inspinia_admin-v2.9.1/img/off_canvas.jpg]
[webapplayers.com/inspinia_admin-v2.9.1/layouts.html]
[webapplayers.com/inspinia_admin-v2.9.1/js/demo/flot-demo.js]
[webapplayers.com/inspinia_admin-v2.9.1/graph_flot.html]
[webapplayers.com/inspinia_admin-v2.9.1/graph_morris.html]
[webapplayers.com/inspinia_admin-v2.9.1/js/demo/morris-demo.js]
[webapplayers.com/inspinia_admin-v2.9.1/js/plugins/morris/morris.js]
[webapplayers.com/inspinia_admin-v2.9.1/js/plugins/morris/raphael-2.1.0.min.js]
[webapplayers.com/inspinia_admin-v2.9.1/js/demo/rickshaw-demo.js]
[webapplayers.com/inspinia_admin-v2.9.1/graph_rickshaw.html]
[webapplayers.com/inspinia_admin-v2.9.1/js/plugins/rickshaw/rickshaw.min.js]
[webapplayers.com/inspinia_admin-v2.9.1/graph_chartjs.html]
[webapplayers.com/inspinia_admin-v2.9.1/js/demo/chartjs-demo.js]
[webapplayers.com/inspinia_admin-v2.9.1/css/plugins/chartist/chartist.min.css]
[webapplayers.com/inspinia_admin-v2.9.1/graph_chartist.html]
[webapplayers.com/inspinia_admin-v2.9.1/js/plugins/rickshaw/vendor/d3.v3.js]
[webapplayers.com/inspinia_admin-v2.9.1/css/plugins/c3/c3.min.css]
[webapplayers.com/inspinia_admin-v2.9.1/js/plugins/chartist/chartist.min.js]
[webapplayers.com/inspinia_admin-v2.9.1/c3.html]
[webapplayers.com/inspinia_admin-v2.9.1/graph_peity.html]
[webapplayers.com/inspinia_admin-v2.9.1/graph_sparkline.html]
[webapplayers.com/inspinia_admin-v2.9.1/img/p2.jpg]
[webapplayers.com/inspinia_admin-v2.9.1/mail_detail.html]
[webapplayers.com/inspinia_admin-v2.9.1/css/plugins/summernote/summernote-bs4.css]
[webapplayers.com/inspinia_admin-v2.9.1/js/plugins/d3/d3.min.js]
[webapplayers.com/inspinia_admin-v2.9.1/mail_compose.html]
[webapplayers.com/inspinia_admin-v2.9.1/email_templates/action.html]
[webapplayers.com/inspinia_admin-v2.9.1/js/plugins/c3/c3.min.js]
[webapplayers.com/inspinia_admin-v2.9.1/img/email_1.jpg]
[webapplayers.com/inspinia_admin-v2.9.1/email_templates/alert.html]
[webapplayers.com/inspinia_admin-v2.9.1/img/email_2.jpg]
[webapplayers.com/inspinia_admin-v2.9.1/js/plugins/summernote/summernote-bs4.js]
[webapplayers.com/inspinia_admin-v2.9.1/email_templates/billing.html]
[webapplayers.com/inspinia_admin-v2.9.1/img/email_3.jpg]
[webapplayers.com/inspinia_admin-v2.9.1/email_template.html]
[webapplayers.com/inspinia_admin-v2.9.1/metrics.html]
[webapplayers.com/inspinia_admin-v2.9.1/js/plugins/touchpunch/jquery.ui.touch-punch.min.js]
[webapplayers.com/inspinia_admin-v2.9.1/widgets.html]
[webapplayers.com/inspinia_admin-v2.9.1/css/plugins/awesome-bootstrap-checkbox/awesome-bootstrap-checkbox.css]
[webapplayers.com/inspinia_admin-v2.9.1/form_basic.html]
[webapplayers.com/inspinia_admin-v2.9.1/css/plugins/chosen/bootstrap-chosen.css]
[webapplayers.com/inspinia_admin-v2.9.1/css/plugins/bootstrap-tagsinput/bootstrap-tagsinput.css]
[webapplayers.com/inspinia_admin-v2.9.1/css/plugins/colorpicker/bootstrap-colorpicker.min.css]
[webapplayers.com/inspinia_admin-v2.9.1/css/plugins/cropper/cropper.min.css]
[webapplayers.com/inspinia_admin-v2.9.1/css/plugins/switchery/switchery.css]
[webapplayers.com/inspinia_admin-v2.9.1/css/plugins/jasny/jasny-bootstrap.min.css]
[webapplayers.com/inspinia_admin-v2.9.1/css/plugins/nouslider/jquery.nouislider.css]
[webapplayers.com/inspinia_admin-v2.9.1/css/plugins/datapicker/datepicker3.css]
[webapplayers.com/inspinia_admin-v2.9.1/css/plugins/ionRangeSlider/ion.rangeSlider.css]
[webapplayers.com/inspinia_admin-v2.9.1/css/plugins/ionRangeSlider/ion.rangeSlider.skinFlat.css]
[webapplayers.com/inspinia_admin-v2.9.1/css/plugins/clockpicker/clockpicker.css]
[webapplayers.com/inspinia_admin-v2.9.1/css/plugins/daterangepicker/daterangepicker-bs3.css]
[webapplayers.com/inspinia_admin-v2.9.1/css/plugins/select2/select2.min.css]
[webapplayers.com/inspinia_admin-v2.9.1/css/plugins/touchspin/jquery.bootstrap-touchspin.min.css]
[webapplayers.com/inspinia_admin-v2.9.1/css/plugins/dualListbox/bootstrap-duallistbox.min.css]
[webapplayers.com/inspinia_admin-v2.9.1/js/plugins/chosen/chosen.jquery.js]
[webapplayers.com/inspinia_admin-v2.9.1/js/plugins/jsKnob/jquery.knob.js]
[webapplayers.com/inspinia_admin-v2.9.1/js/plugins/jasny/jasny-bootstrap.min.js]
[webapplayers.com/inspinia_admin-v2.9.1/js/plugins/datapicker/bootstrap-datepicker.js]
[webapplayers.com/inspinia_admin-v2.9.1/js/plugins/nouslider/jquery.nouislider.min.js]
[webapplayers.com/inspinia_admin-v2.9.1/js/plugins/switchery/switchery.js]
[webapplayers.com/inspinia_admin-v2.9.1/js/plugins/ionRangeSlider/ion.rangeSlider.min.js]
[webapplayers.com/inspinia_admin-v2.9.1/js/plugins/colorpicker/bootstrap-colorpicker.min.js]
[webapplayers.com/inspinia_admin-v2.9.1/js/plugins/clockpicker/clockpicker.js]
[webapplayers.com/inspinia_admin-v2.9.1/js/plugins/cropper/cropper.min.js]
[webapplayers.com/inspinia_admin-v2.9.1/js/plugins/fullcalendar/moment.min.js]
[webapplayers.com/inspinia_admin-v2.9.1/js/plugins/daterangepicker/daterangepicker.js]
[webapplayers.com/inspinia_admin-v2.9.1/js/plugins/touchspin/jquery.bootstrap-touchspin.min.js]
[webapplayers.com/inspinia_admin-v2.9.1/form_advanced.html]
[webapplayers.com/inspinia_admin-v2.9.1/js/plugins/bootstrap-tagsinput/bootstrap-tagsinput.js]
[webapplayers.com/inspinia_admin-v2.9.1/js/plugins/select2/select2.full.min.js]
[webapplayers.com/inspinia_admin-v2.9.1/js/plugins/dualListbox/jquery.bootstrap-duallistbox.js]
[webapplayers.com/inspinia_admin-v2.9.1/css/plugins/steps/jquery.steps.css]
[webapplayers.com/inspinia_admin-v2.9.1/js/plugins/steps/jquery.steps.min.js]
[webapplayers.com/inspinia_admin-v2.9.1/form_wizard.html]
[webapplayers.com/inspinia_admin-v2.9.1/js/plugins/validate/jquery.validate.min.js]
[webapplayers.com/inspinia_admin-v2.9.1/css/plugins/dropzone/basic.css]
[webapplayers.com/inspinia_admin-v2.9.1/css/plugins/dropzone/dropzone.css]
[webapplayers.com/inspinia_admin-v2.9.1/css/plugins/codemirror/codemirror.css]
[webapplayers.com/inspinia_admin-v2.9.1/js/plugins/dropzone/dropzone.js]
[webapplayers.com/inspinia_admin-v2.9.1/form_file_upload.html]
[webapplayers.com/inspinia_admin-v2.9.1/form_editors.html]
[webapplayers.com/inspinia_admin-v2.9.1/js/plugins/codemirror/mode/xml/xml.js]
[webapplayers.com/inspinia_admin-v2.9.1/form_autocomplete.html]
[webapplayers.com/inspinia_admin-v2.9.1/js/plugins/typehead/bootstrap3-typeahead.min.js]
[webapplayers.com/inspinia_admin-v2.9.1/css/plugins/bootstrap-markdown/bootstrap-markdown.min.css]
[webapplayers.com/inspinia_admin-v2.9.1/form_markdown.html]
[webapplayers.com/inspinia_admin-v2.9.1/img/gallery/3.jpg]
[webapplayers.com/inspinia_admin-v2.9.1/js/plugins/bootstrap-markdown/bootstrap-markdown.js]
[webapplayers.com/inspinia_admin-v2.9.1/profile_2.html]
[webapplayers.com/inspinia_admin-v2.9.1/contacts_2.html]
[webapplayers.com/inspinia_admin-v2.9.1/projects.html]
[webapplayers.com/inspinia_admin-v2.9.1/js/plugins/bootstrap-markdown/markdown.js]
[webapplayers.com/inspinia_admin-v2.9.1/js/plugins/codemirror/codemirror.js]
[webapplayers.com/inspinia_admin-v2.9.1/img/zender_logo.png]
[webapplayers.com/inspinia_admin-v2.9.1/project_detail.html]
[webapplayers.com/inspinia_admin-v2.9.1/activity_stream.html]
[webapplayers.com/inspinia_admin-v2.9.1/teams_board.html]
[webapplayers.com/inspinia_admin-v2.9.1/img/gallery/11.jpg]
[webapplayers.com/inspinia_admin-v2.9.1/social_feed.html]
[webapplayers.com/inspinia_admin-v2.9.1/img/gallery/9.jpg]
[webapplayers.com/inspinia_admin-v2.9.1/clients.html]
[webapplayers.com/inspinia_admin-v2.9.1/css/plugins/codemirror/ambiance.css]
[webapplayers.com/inspinia_admin-v2.9.1/full_height.html]
[webapplayers.com/inspinia_admin-v2.9.1/vote_list.html]
[webapplayers.com/inspinia_admin-v2.9.1/file_manager.html]
[webapplayers.com/inspinia_admin-v2.9.1/css/plugins/fullcalendar/fullcalendar.css]
[webapplayers.com/inspinia_admin-v2.9.1/css/plugins/fullcalendar/fullcalendar.print.css]
[webapplayers.com/inspinia_admin-v2.9.1/js/plugins/fullcalendar/fullcalendar.min.js]
[webapplayers.com/inspinia_admin-v2.9.1/calendar.html]
[webapplayers.com/inspinia_admin-v2.9.1/issue_tracker.html]
[webapplayers.com/inspinia_admin-v2.9.1/blog.html]
[webapplayers.com/inspinia_admin-v2.9.1/article.html]
[webapplayers.com/inspinia_admin-v2.9.1/faq.html]
[webapplayers.com/inspinia_admin-v2.9.1/timeline.html]
[webapplayers.com/inspinia_admin-v2.9.1/pin_board.html]
[webapplayers.com/inspinia_admin-v2.9.1/search_results.html]
[s3.amazonaws.com/uifaces/faces/twitter/ok/128.jpg]
[webapplayers.com/inspinia_admin-v2.9.1/lockscreen.html]
[webapplayers.com/inspinia_admin-v2.9.1/invoice.html]
[webapplayers.com/inspinia_admin-v2.9.1/login_two_columns.html]
[webapplayers.com/inspinia_admin-v2.9.1/forgot_password.html]
[webapplayers.com/inspinia_admin-v2.9.1/register.html]
[webapplayers.com/inspinia_admin-v2.9.1/404.html]
[webapplayers.com/inspinia_admin-v2.9.1/500.html]
[webapplayers.com/inspinia_admin-v2.9.1/empty_page.html]
[webapplayers.com/inspinia_admin-v2.9.1/toastr_notifications.html]
[webapplayers.com/inspinia_admin-v2.9.1/invoice_print.html]
[webapplayers.com/inspinia_admin-v2.9.1/nestable_list.html]
[webapplayers.com/inspinia_admin-v2.9.1/agile_board.html]
[webapplayers.com/inspinia_admin-v2.9.1/timeline_2.html]
[webapplayers.com/inspinia_admin-v2.9.1/js/plugins/nestable/jquery.nestable.js]
[webapplayers.com/inspinia_admin-v2.9.1/diff.html]
[webapplayers.com/inspinia_admin-v2.9.1/js/plugins/preetyTextDiff/jquery.pretty-text-diff.min.js]
[webapplayers.com/inspinia_admin-v2.9.1/js/plugins/diff_match_patch/javascript/diff_match_patch.js]
[webapplayers.com/inspinia_admin-v2.9.1/pdf_viewer.html]
[webapplayers.com/inspinia_admin-v2.9.1/pdf/example.pdf]
[github.com/mozilla/pdf.html]
[webapplayers.com/inspinia_admin-v2.9.1/img/flags/16/United-States.png]
[webapplayers.com/inspinia_admin-v2.9.1/img/flags/16/Spain.png]
[webapplayers.com/inspinia_admin-v2.9.1/img/flags/32/Abkhazia.png]
[webapplayers.com/inspinia_admin-v2.9.1/img/flags/32/Afghanistan.png]
[webapplayers.com/inspinia_admin-v2.9.1/img/flags/32/Aland.png]
[webapplayers.com/inspinia_admin-v2.9.1/img/flags/32/Albania.png]
[webapplayers.com/inspinia_admin-v2.9.1/img/flags/32/Algeria.png]
[webapplayers.com/inspinia_admin-v2.9.1/img/flags/32/American-Samoa.png]
[webapplayers.com/inspinia_admin-v2.9.1/img/flags/32/Andorra.png]
[webapplayers.com/inspinia_admin-v2.9.1/img/flags/32/Angola.png]
[webapplayers.com/inspinia_admin-v2.9.1/img/flags/32/Anguilla.png]
[webapplayers.com/inspinia_admin-v2.9.1/img/flags/32/Antarctica.png]
[webapplayers.com/inspinia_admin-v2.9.1/img/flags/32/Antigua-and-Barbuda.png]
[webapplayers.com/inspinia_admin-v2.9.1/img/flags/32/Argentina.png]
[webapplayers.com/inspinia_admin-v2.9.1/img/flags/32/Armenia.png]
[webapplayers.com/inspinia_admin-v2.9.1/img/flags/32/Aruba.png]
[webapplayers.com/inspinia_admin-v2.9.1/img/flags/32/Australia.png]
[webapplayers.com/inspinia_admin-v2.9.1/img/flags/32/Austria.png]
[webapplayers.com/inspinia_admin-v2.9.1/img/flags/32/Azerbaijan.png]
[webapplayers.com/inspinia_admin-v2.9.1/img/flags/32/Bahamas.png]
[webapplayers.com/inspinia_admin-v2.9.1/img/flags/32/Bahrain.png]
[webapplayers.com/inspinia_admin-v2.9.1/img/flags/32/Bangladesh.png]
[webapplayers.com/inspinia_admin-v2.9.1/js/plugins/pdfjs/pdf.js]
[webapplayers.com/inspinia_admin-v2.9.1/img/flags/32/Barbados.png]
[webapplayers.com/inspinia_admin-v2.9.1/img/flags/32/Basque-Country.png]
[webapplayers.com/inspinia_admin-v2.9.1/img/flags/32/Belarus.png]
[webapplayers.com/inspinia_admin-v2.9.1/img/flags/32/Belgium.png]
[webapplayers.com/inspinia_admin-v2.9.1/img/flags/32/Belize.png]
[webapplayers.com/inspinia_admin-v2.9.1/img/flags/32/Benin.png]
[webapplayers.com/inspinia_admin-v2.9.1/img/flags/32/Bermuda.png]
[webapplayers.com/inspinia_admin-v2.9.1/img/flags/32/Bhutan.png]
[webapplayers.com/inspinia_admin-v2.9.1/img/flags/32/Bolivia.png]
[webapplayers.com/inspinia_admin-v2.9.1/img/flags/32/Bosnia-and-Herzegovina.png]
[webapplayers.com/inspinia_admin-v2.9.1/img/flags/32/Botswana.png]
[webapplayers.com/inspinia_admin-v2.9.1/img/flags/32/Brazil.png]
[webapplayers.com/inspinia_admin-v2.9.1/img/flags/32/British-Antarctic-Territory.png]
[webapplayers.com/inspinia_admin-v2.9.1/img/flags/32/British-Virgin-Islands.png]
[webapplayers.com/inspinia_admin-v2.9.1/img/flags/32/Brunei.png]
[webapplayers.com/inspinia_admin-v2.9.1/img/flags/32/Bulgaria.png]
[webapplayers.com/inspinia_admin-v2.9.1/img/flags/32/Burkina-Faso.png]
[webapplayers.com/inspinia_admin-v2.9.1/img/flags/32/Burundi.png]
[webapplayers.com/inspinia_admin-v2.9.1/img/flags/32/Cambodia.png]
[webapplayers.com/inspinia_admin-v2.9.1/img/flags/32/Cameroon.png]
[webapplayers.com/inspinia_admin-v2.9.1/img/flags/32/Canada.png]
[webapplayers.com/inspinia_admin-v2.9.1/img/flags/32/Canary-Islands.png]
[webapplayers.com/inspinia_admin-v2.9.1/img/flags/32/Cape-Verde.png]
[webapplayers.com/inspinia_admin-v2.9.1/img/flags/32/Cayman-Islands.png]
[webapplayers.com/inspinia_admin-v2.9.1/img/flags/32/Central-African-Republic.png]
[webapplayers.com/inspinia_admin-v2.9.1/img/flags/32/Chad.png]
[webapplayers.com/inspinia_admin-v2.9.1/img/flags/32/Chile.png]
[webapplayers.com/inspinia_admin-v2.9.1/img/flags/32/China.png]
[webapplayers.com/inspinia_admin-v2.9.1/img/flags/32/Christmas-Island.png]
[webapplayers.com/inspinia_admin-v2.9.1/img/flags/32/Cocos-Keeling-Islands.png]
[webapplayers.com/inspinia_admin-v2.9.1/img/flags/32/Colombia.png]
[webapplayers.com/inspinia_admin-v2.9.1/img/flags/32/Commonwealth.png]
[webapplayers.com/inspinia_admin-v2.9.1/img/flags/32/Comoros.png]
[webapplayers.com/inspinia_admin-v2.9.1/img/flags/32/Cook-Islands.png]
[webapplayers.com/inspinia_admin-v2.9.1/img/flags/32/Costa-Rica.png]
[webapplayers.com/inspinia_admin-v2.9.1/img/flags/32/Cote-dIvoire.png]
[webapplayers.com/inspinia_admin-v2.9.1/img/flags/32/Croatia.png]
[webapplayers.com/inspinia_admin-v2.9.1/img/flags/32/Cuba.png]
[webapplayers.com/inspinia_admin-v2.9.1/img/flags/32/Curacao.png]
[webapplayers.com/inspinia_admin-v2.9.1/img/flags/32/Cyprus.png]
[webapplayers.com/inspinia_admin-v2.9.1/img/flags/32/Czech-Republic.png]
[webapplayers.com/inspinia_admin-v2.9.1/img/flags/32/Democratic-Republic-of-the-Congo.png]
[webapplayers.com/inspinia_admin-v2.9.1/img/flags/32/Denmark.png]
[webapplayers.com/inspinia_admin-v2.9.1/img/flags/32/Djibouti.png]
[webapplayers.com/inspinia_admin-v2.9.1/img/flags/32/Dominica.png]
[webapplayers.com/inspinia_admin-v2.9.1/img/flags/32/Dominican-Republic.png]
[webapplayers.com/inspinia_admin-v2.9.1/img/flags/32/East-Timor.png]
[webapplayers.com/inspinia_admin-v2.9.1/img/flags/32/Ecuador.png]
[webapplayers.com/inspinia_admin-v2.9.1/img/flags/32/Egypt.png]
[webapplayers.com/inspinia_admin-v2.9.1/img/flags/32/El-Salvador.png]
[webapplayers.com/inspinia_admin-v2.9.1/img/flags/32/England.png]
[webapplayers.com/inspinia_admin-v2.9.1/img/flags/32/Equatorial-Guinea.png]
[webapplayers.com/inspinia_admin-v2.9.1/img/flags/32/Eritrea.png]
[webapplayers.com/inspinia_admin-v2.9.1/img/flags/32/Estonia.png]
[webapplayers.com/inspinia_admin-v2.9.1/img/flags/32/Ethiopia.png]
[webapplayers.com/inspinia_admin-v2.9.1/img/flags/32/European-Union.png]
[webapplayers.com/inspinia_admin-v2.9.1/img/flags/32/Falkland-Islands.png]
[webapplayers.com/inspinia_admin-v2.9.1/img/flags/32/Faroes.png]
[webapplayers.com/inspinia_admin-v2.9.1/img/flags/32/Fiji.png]
[webapplayers.com/inspinia_admin-v2.9.1/img/flags/32/Finland.png]
[webapplayers.com/inspinia_admin-v2.9.1/img/flags/32/France.png]
[webapplayers.com/inspinia_admin-v2.9.1/img/flags/32/French-Polynesia.png]
[webapplayers.com/inspinia_admin-v2.9.1/img/flags/32/French-Southern-Territories.png]
[webapplayers.com/inspinia_admin-v2.9.1/img/flags/32/Gabon.png]
[webapplayers.com/inspinia_admin-v2.9.1/img/flags/32/Gambia.png]
[webapplayers.com/inspinia_admin-v2.9.1/img/flags/32/Georgia.png]
[webapplayers.com/inspinia_admin-v2.9.1/img/flags/32/Germany.png]
[webapplayers.com/inspinia_admin-v2.9.1/img/flags/32/Ghana.png]
[webapplayers.com/inspinia_admin-v2.9.1/img/flags/32/Gibraltar.png]
[webapplayers.com/inspinia_admin-v2.9.1/img/flags/32/GoSquared.png]
[webapplayers.com/inspinia_admin-v2.9.1/img/flags/32/Greece.png]
[webapplayers.com/inspinia_admin-v2.9.1/img/flags/32/Greenland.png]
[webapplayers.com/inspinia_admin-v2.9.1/img/flags/32/Grenada.png]
[webapplayers.com/inspinia_admin-v2.9.1/img/flags/32/Guam.png]
[webapplayers.com/inspinia_admin-v2.9.1/img/flags/32/Guatemala.png]
[webapplayers.com/inspinia_admin-v2.9.1/img/flags/32/Guernsey.png]
[webapplayers.com/inspinia_admin-v2.9.1/img/flags/32/Guinea-Bissau.png]
[webapplayers.com/inspinia_admin-v2.9.1/img/flags/32/Guinea.png]
[webapplayers.com/inspinia_admin-v2.9.1/img/flags/32/Guyana.png]
[webapplayers.com/inspinia_admin-v2.9.1/img/flags/32/Haiti.png]
[webapplayers.com/inspinia_admin-v2.9.1/img/flags/32/Honduras.png]
[webapplayers.com/inspinia_admin-v2.9.1/img/flags/32/Hong-Kong.png]
[webapplayers.com/inspinia_admin-v2.9.1/img/flags/32/Hungary.png]
[webapplayers.com/inspinia_admin-v2.9.1/img/flags/32/Iceland.png]
[webapplayers.com/inspinia_admin-v2.9.1/img/flags/32/India.png]
[webapplayers.com/inspinia_admin-v2.9.1/img/flags/32/Indonesia.png]
[webapplayers.com/inspinia_admin-v2.9.1/img/flags/32/Iran.png]
[webapplayers.com/inspinia_admin-v2.9.1/img/flags/32/Iraq.png]
[webapplayers.com/inspinia_admin-v2.9.1/img/flags/32/Ireland.png]
[webapplayers.com/inspinia_admin-v2.9.1/img/flags/32/Isle-of-Man.png]
[webapplayers.com/inspinia_admin-v2.9.1/img/flags/32/Israel.png]
[webapplayers.com/inspinia_admin-v2.9.1/img/flags/32/Italy.png]
[webapplayers.com/inspinia_admin-v2.9.1/img/flags/32/Jamaica.png]
[webapplayers.com/inspinia_admin-v2.9.1/img/flags/32/Japan.png]
[webapplayers.com/inspinia_admin-v2.9.1/img/flags/32/Jersey.png]
[webapplayers.com/inspinia_admin-v2.9.1/img/flags/32/Jordan.png]
[webapplayers.com/inspinia_admin-v2.9.1/img/flags/32/Kazakhstan.png]
[webapplayers.com/inspinia_admin-v2.9.1/img/flags/32/Kenya.png]
[webapplayers.com/inspinia_admin-v2.9.1/img/flags/32/Kiribati.png]
[webapplayers.com/inspinia_admin-v2.9.1/img/flags/32/Kosovo.png]
[webapplayers.com/inspinia_admin-v2.9.1/img/flags/32/Kuwait.png]
[webapplayers.com/inspinia_admin-v2.9.1/img/flags/32/Kyrgyzstan.png]
[webapplayers.com/inspinia_admin-v2.9.1/img/flags/32/Laos.png]
[webapplayers.com/inspinia_admin-v2.9.1/img/flags/32/Latvia.png]
[webapplayers.com/inspinia_admin-v2.9.1/img/flags/32/Lebanon.png]
[webapplayers.com/inspinia_admin-v2.9.1/img/flags/32/Lesotho.png]
[webapplayers.com/inspinia_admin-v2.9.1/img/flags/32/Liberia.png]
[webapplayers.com/inspinia_admin-v2.9.1/img/flags/32/Libya.png]
[webapplayers.com/inspinia_admin-v2.9.1/img/flags/32/Liechtenstein.png]
[webapplayers.com/inspinia_admin-v2.9.1/img/flags/32/Lithuania.png]
[webapplayers.com/inspinia_admin-v2.9.1/img/flags/32/Luxembourg.png]
[webapplayers.com/inspinia_admin-v2.9.1/img/flags/32/Macau.png]
[webapplayers.com/inspinia_admin-v2.9.1/img/flags/32/Macedonia.png]
[webapplayers.com/inspinia_admin-v2.9.1/img/flags/32/Madagascar.png]
[webapplayers.com/inspinia_admin-v2.9.1/img/flags/32/Malawi.png]
[webapplayers.com/inspinia_admin-v2.9.1/img/flags/32/Malaysia.png]
[webapplayers.com/inspinia_admin-v2.9.1/img/flags/32/Maldives.png]
[webapplayers.com/inspinia_admin-v2.9.1/img/flags/32/Mali.png]
[webapplayers.com/inspinia_admin-v2.9.1/img/flags/32/Malta.png]
[webapplayers.com/inspinia_admin-v2.9.1/img/flags/32/Mars.png]
[webapplayers.com/inspinia_admin-v2.9.1/img/flags/32/Marshall-Islands.png]
[webapplayers.com/inspinia_admin-v2.9.1/img/flags/32/Martinique.png]
[webapplayers.com/inspinia_admin-v2.9.1/img/flags/32/Mauritania.png]
[webapplayers.com/inspinia_admin-v2.9.1/img/flags/32/Mauritius.png]
[webapplayers.com/inspinia_admin-v2.9.1/img/flags/32/Mayotte.png]
[webapplayers.com/inspinia_admin-v2.9.1/img/flags/32/Mexico.png]
[webapplayers.com/inspinia_admin-v2.9.1/img/flags/32/Micronesia.png]
[webapplayers.com/inspinia_admin-v2.9.1/img/flags/32/Moldova.png]
[webapplayers.com/inspinia_admin-v2.9.1/img/flags/32/Monaco.png]
[webapplayers.com/inspinia_admin-v2.9.1/img/flags/32/Mongolia.png]
[webapplayers.com/inspinia_admin-v2.9.1/img/flags/32/Montenegro.png]
[webapplayers.com/inspinia_admin-v2.9.1/img/flags/32/Montserrat.png]
[webapplayers.com/inspinia_admin-v2.9.1/img/flags/32/Morocco.png]
[webapplayers.com/inspinia_admin-v2.9.1/img/flags/32/Mozambique.png]
[webapplayers.com/inspinia_admin-v2.9.1/img/flags/32/Myanmar.png]
[webapplayers.com/inspinia_admin-v2.9.1/img/flags/32/NATO.png]
[webapplayers.com/inspinia_admin-v2.9.1/img/flags/32/Nagorno-Karabakh.png]
[webapplayers.com/inspinia_admin-v2.9.1/img/flags/32/Namibia.png]
[webapplayers.com/inspinia_admin-v2.9.1/img/flags/32/Nauru.png]
[webapplayers.com/inspinia_admin-v2.9.1/img/flags/32/Nepal.png]
[webapplayers.com/inspinia_admin-v2.9.1/img/flags/32/Netherlands-Antilles.png]
[webapplayers.com/inspinia_admin-v2.9.1/img/flags/32/Netherlands.png]
[webapplayers.com/inspinia_admin-v2.9.1/img/flags/32/New-Caledonia.png]
[webapplayers.com/inspinia_admin-v2.9.1/img/flags/32/New-Zealand.png]
[webapplayers.com/inspinia_admin-v2.9.1/img/flags/32/Nicaragua.png]
[webapplayers.com/inspinia_admin-v2.9.1/img/flags/32/Niger.png]
[webapplayers.com/inspinia_admin-v2.9.1/img/flags/32/Nigeria.png]
[webapplayers.com/inspinia_admin-v2.9.1/img/flags/32/Niue.png]
[webapplayers.com/inspinia_admin-v2.9.1/img/flags/32/Norfolk-Island.png]
[webapplayers.com/inspinia_admin-v2.9.1/img/flags/32/North-Korea.png]
[webapplayers.com/inspinia_admin-v2.9.1/img/flags/32/Northern-Cyprus.png]
[webapplayers.com/inspinia_admin-v2.9.1/img/flags/32/Northern-Mariana-Islands.png]
[webapplayers.com/inspinia_admin-v2.9.1/img/flags/32/Norway.png]
[webapplayers.com/inspinia_admin-v2.9.1/img/flags/32/Olympics.png]
[webapplayers.com/inspinia_admin-v2.9.1/img/flags/32/Oman.png]
[webapplayers.com/inspinia_admin-v2.9.1/img/flags/32/Pakistan.png]
[webapplayers.com/inspinia_admin-v2.9.1/img/flags/32/Palau.png]
[webapplayers.com/inspinia_admin-v2.9.1/img/flags/32/Palestine.png]
[webapplayers.com/inspinia_admin-v2.9.1/img/flags/32/Panama.png]
[webapplayers.com/inspinia_admin-v2.9.1/img/flags/32/Papua-New-Guinea.png]
[webapplayers.com/inspinia_admin-v2.9.1/img/flags/32/Paraguay.png]
[webapplayers.com/inspinia_admin-v2.9.1/img/flags/32/Peru.png]
[webapplayers.com/inspinia_admin-v2.9.1/img/flags/32/Philippines.png]
[webapplayers.com/inspinia_admin-v2.9.1/img/flags/32/Pitcairn-Islands.png]
[webapplayers.com/inspinia_admin-v2.9.1/img/flags/32/Poland.png]
[webapplayers.com/inspinia_admin-v2.9.1/img/flags/32/Portugal.png]
[webapplayers.com/inspinia_admin-v2.9.1/img/flags/32/Puerto-Rico.png]
[webapplayers.com/inspinia_admin-v2.9.1/img/flags/32/Qatar.png]
[webapplayers.com/inspinia_admin-v2.9.1/img/flags/32/Red-Cross.png]
[webapplayers.com/inspinia_admin-v2.9.1/img/flags/32/Republic-of-the-Congo.png]
[webapplayers.com/inspinia_admin-v2.9.1/img/flags/32/Romania.png]
[webapplayers.com/inspinia_admin-v2.9.1/img/flags/32/Russia.png]
[webapplayers.com/inspinia_admin-v2.9.1/img/flags/32/Rwanda.png]
[webapplayers.com/inspinia_admin-v2.9.1/img/flags/32/Saint-Barthelemy.png]
[webapplayers.com/inspinia_admin-v2.9.1/img/flags/32/Saint-Helena.png]
[webapplayers.com/inspinia_admin-v2.9.1/img/flags/32/Saint-Kitts-and-Nevis.png]
[webapplayers.com/inspinia_admin-v2.9.1/img/flags/32/Saint-Lucia.png]
[webapplayers.com/inspinia_admin-v2.9.1/img/flags/32/Saint-Martin.png]
[webapplayers.com/inspinia_admin-v2.9.1/img/flags/32/Saint-Vincent-and-the-Grenadines.png]
[webapplayers.com/inspinia_admin-v2.9.1/img/flags/32/Samoa.png]
[webapplayers.com/inspinia_admin-v2.9.1/img/flags/32/San-Marino.png]
[webapplayers.com/inspinia_admin-v2.9.1/img/flags/32/Sao-Tome-and-Principe.png]
[webapplayers.com/inspinia_admin-v2.9.1/img/flags/32/Saudi-Arabia.png]
[webapplayers.com/inspinia_admin-v2.9.1/img/flags/32/Scotland.png]
[webapplayers.com/inspinia_admin-v2.9.1/img/flags/32/Senegal.png]
[webapplayers.com/inspinia_admin-v2.9.1/img/flags/32/Serbia.png]
[webapplayers.com/inspinia_admin-v2.9.1/img/flags/32/Seychelles.png]
[webapplayers.com/inspinia_admin-v2.9.1/img/flags/32/Sierra-Leone.png]
[webapplayers.com/inspinia_admin-v2.9.1/img/flags/32/Singapore.png]
[webapplayers.com/inspinia_admin-v2.9.1/img/flags/32/Slovakia.png]
[webapplayers.com/inspinia_admin-v2.9.1/img/flags/32/Slovenia.png]
[webapplayers.com/inspinia_admin-v2.9.1/img/flags/32/Solomon-Islands.png]
[webapplayers.com/inspinia_admin-v2.9.1/img/flags/32/Somalia.png]
[webapplayers.com/inspinia_admin-v2.9.1/img/flags/32/Somaliland.png]
[webapplayers.com/inspinia_admin-v2.9.1/img/flags/32/South-Africa.png]
[webapplayers.com/inspinia_admin-v2.9.1/img/flags/32/South-Georgia-and-the-South-Sandwich-Islands.png]
[webapplayers.com/inspinia_admin-v2.9.1/img/flags/32/South-Korea.png]
[webapplayers.com/inspinia_admin-v2.9.1/img/flags/32/South-Ossetia.png]
[webapplayers.com/inspinia_admin-v2.9.1/img/flags/32/South-Sudan.png]
[webapplayers.com/inspinia_admin-v2.9.1/img/flags/32/Spain.png]
[webapplayers.com/inspinia_admin-v2.9.1/img/flags/32/Sri-Lanka.png]
[webapplayers.com/inspinia_admin-v2.9.1/img/flags/32/Sudan.png]
[webapplayers.com/inspinia_admin-v2.9.1/img/flags/32/Suriname.png]
[webapplayers.com/inspinia_admin-v2.9.1/img/flags/32/Swaziland.png]
[webapplayers.com/inspinia_admin-v2.9.1/img/flags/32/Sweden.png]
[webapplayers.com/inspinia_admin-v2.9.1/img/flags/32/Switzerland.png]
[webapplayers.com/inspinia_admin-v2.9.1/img/flags/32/Syria.png]
[webapplayers.com/inspinia_admin-v2.9.1/img/flags/32/Taiwan.png]
[webapplayers.com/inspinia_admin-v2.9.1/img/flags/32/Tajikistan.png]
[webapplayers.com/inspinia_admin-v2.9.1/img/flags/32/Tanzania.png]
[webapplayers.com/inspinia_admin-v2.9.1/img/flags/32/Thailand.png]
[webapplayers.com/inspinia_admin-v2.9.1/img/flags/32/Togo.png]
[webapplayers.com/inspinia_admin-v2.9.1/img/flags/32/Tokelau.png]
[webapplayers.com/inspinia_admin-v2.9.1/img/flags/32/Tonga.png]
[webapplayers.com/inspinia_admin-v2.9.1/img/flags/32/Trinidad-and-Tobago.png]
[webapplayers.com/inspinia_admin-v2.9.1/img/flags/32/Tunisia.png]
[webapplayers.com/inspinia_admin-v2.9.1/img/flags/32/Turkey.png]
[webapplayers.com/inspinia_admin-v2.9.1/img/flags/32/Turkmenistan.png]
[webapplayers.com/inspinia_admin-v2.9.1/img/flags/32/Turks-and-Caicos-Islands.png]
[webapplayers.com/inspinia_admin-v2.9.1/img/flags/32/Tuvalu.png]
[webapplayers.com/inspinia_admin-v2.9.1/img/flags/32/US-Virgin-Islands.png]
[webapplayers.com/inspinia_admin-v2.9.1/img/flags/32/Uganda.png]
[webapplayers.com/inspinia_admin-v2.9.1/img/flags/32/Ukraine.png]
[webapplayers.com/inspinia_admin-v2.9.1/img/flags/32/United-Arab-Emirates.png]
[webapplayers.com/inspinia_admin-v2.9.1/img/flags/32/United-Kingdom.png]
[webapplayers.com/inspinia_admin-v2.9.1/img/flags/32/United-Nations.png]
[webapplayers.com/inspinia_admin-v2.9.1/img/flags/32/United-States.png]
[webapplayers.com/inspinia_admin-v2.9.1/img/flags/32/Unknown.png]
[webapplayers.com/inspinia_admin-v2.9.1/img/flags/32/Uruguay.png]
[webapplayers.com/inspinia_admin-v2.9.1/img/flags/32/Uzbekistan.png]
[webapplayers.com/inspinia_admin-v2.9.1/img/flags/32/Vanuatu.png]
[webapplayers.com/inspinia_admin-v2.9.1/img/flags/32/Vatican-City.png]
[webapplayers.com/inspinia_admin-v2.9.1/img/flags/32/Venezuela.png]
[webapplayers.com/inspinia_admin-v2.9.1/img/flags/32/Vietnam.png]
[webapplayers.com/inspinia_admin-v2.9.1/img/flags/32/Wales.png]
[webapplayers.com/inspinia_admin-v2.9.1/img/flags/32/Wallis-And-Futuna.png]
[webapplayers.com/inspinia_admin-v2.9.1/img/flags/32/Western-Sahara.png]
[webapplayers.com/inspinia_admin-v2.9.1/img/flags/32/Yemen.png]
[webapplayers.com/inspinia_admin-v2.9.1/img/flags/32/Zambia.png]
[webapplayers.com/inspinia_admin-v2.9.1/img/flags/32/Zimbabwe.png]
[webapplayers.com/inspinia_admin-v2.9.1/i18support.html]
[webapplayers.com/inspinia_admin-v2.9.1/js/plugins/i18next/i18next.min.js]
[webapplayers.com/inspinia_admin-v2.9.1/css/plugins/sweetalert/sweetalert.css]
[webapplayers.com/inspinia_admin-v2.9.1/sweetalert.html]
[webapplayers.com/inspinia_admin-v2.9.1/js/plugins/sweetalert/sweetalert.min.js]
[webapplayers.com/inspinia_admin-v2.9.1/idle_timer.html]
[webapplayers.com/inspinia_admin-v2.9.1/js/plugins/idle-timer/idle-timer.min.js]
[webapplayers.com/inspinia_admin-v2.9.1/css/plugins/ladda/ladda-themeless.min.css]
[webapplayers.com/inspinia_admin-v2.9.1/truncate.html]
[webapplayers.com/inspinia_admin-v2.9.1/js/plugins/dotdotdot/jquery.dotdotdot.min.js]
[webapplayers.com/inspinia_admin-v2.9.1/css/plugins/textSpinners/spinners.css]
[webapplayers.com/inspinia_admin-v2.9.1/js/plugins/pwstrength/pwstrength-bootstrap.min.js]
[webapplayers.com/inspinia_admin-v2.9.1/password_meter.html]
[webapplayers.com/inspinia_admin-v2.9.1/spinners.html]
[webapplayers.com/inspinia_admin-v2.9.1/spinners_usage.html]
[webapplayers.com/inspinia_admin-v2.9.1/tinycon.html]
[webapplayers.com/inspinia_admin-v2.9.1/google_maps.html]
[webapplayers.com/inspinia_admin-v2.9.1/js/plugins/tinycon/tinycon.min.js]
[webapplayers.com/inspinia_admin-v2.9.1/datamaps.html]
[webapplayers.com/inspinia_admin-v2.9.1/js/plugins/topojson/topojson.js]
[webapplayers.com/inspinia_admin-v2.9.1/social_buttons.html]
[webapplayers.com/inspinia_admin-v2.9.1/css/plugins/bootstrapSocial/bootstrap-social.css]
[webapplayers.com/inspinia_admin-v2.9.1/code_editor.html]
[webapplayers.com/inspinia_admin-v2.9.1/modal_window.html]
[webapplayers.com/inspinia_admin-v2.9.1/js/plugins/codemirror/mode/javascript/javascript.js]
[webapplayers.com/inspinia_admin-v2.9.1/clipboard.html]
[webapplayers.com/inspinia_admin-v2.9.1/text_spinners.html]
[webapplayers.com/inspinia_admin-v2.9.1/js/plugins/clipboard/clipboard.min.js]
[webapplayers.com/inspinia_admin-v2.9.1/forum_main.html]
[webapplayers.com/inspinia_admin-v2.9.1/validation.html]
[webapplayers.com/inspinia_admin-v2.9.1/forum_post.html]
[webapplayers.com/inspinia_admin-v2.9.1/css/plugins/jsTree/style.min.css]
[webapplayers.com/inspinia_admin-v2.9.1/tree_view.html]
[webapplayers.com/inspinia_admin-v2.9.1/js/plugins/ladda/spin.min.js]
[webapplayers.com/inspinia_admin-v2.9.1/js/plugins/datamaps/datamaps.all.min.js]
[webapplayers.com/inspinia_admin-v2.9.1/loading_buttons.html]
[webapplayers.com/inspinia_admin-v2.9.1/js/plugins/ladda/ladda.min.js]
[webapplayers.com/inspinia_admin-v2.9.1/chat_view.html]
[webapplayers.com/inspinia_admin-v2.9.1/js/plugins/ladda/ladda.jquery.min.js]
[webapplayers.com/inspinia_admin-v2.9.1/js/plugins/jsTree/jstree.min.js]
[webapplayers.com/inspinia_admin-v2.9.1/masonry.html]
[webapplayers.com/inspinia_admin-v2.9.1/css/plugins/bootstrapTour/bootstrap-tour.min.css]
[webapplayers.com/inspinia_admin-v2.9.1/js/plugins/masonary/masonry.pkgd.min.js]
[webapplayers.com/inspinia_admin-v2.9.1/tour.html]
[webapplayers.com/inspinia_admin-v2.9.1/typography.html]
[webapplayers.com/inspinia_admin-v2.9.1/icons.html]
[webapplayers.com/inspinia_admin-v2.9.1/draggable_panels.html]
[webapplayers.com/inspinia_admin-v2.9.1/js/jquery-2.1.1.js]
[webapplayers.com/inspinia_admin-v2.9.1/resizeable_panels.html]
[webapplayers.com/inspinia_admin-v2.9.1/buttons.html]
[webapplayers.com/inspinia_admin-v2.9.1/js/plugins/bootstrapTour/bootstrap-tour.min.js]
[webapplayers.com/inspinia_admin-v2.9.1/css/plugins/jQueryUI/jquery-ui.css]
[webapplayers.com/inspinia_admin-v2.9.1/video.html]
[webapplayers.com/inspinia_admin-v2.9.1/tabs_panels.html]
[webapplayers.com/inspinia_admin-v2.9.1/tabs.html]
[webapplayers.com/inspinia_admin-v2.9.1/notifications.html]
[webapplayers.com/inspinia_admin-v2.9.1/helper_classes.html]
[webapplayers.com/inspinia_admin-v2.9.1/badges_labels.html]
[webapplayers.com/inspinia_admin-v2.9.1/grid_options.html]
[webapplayers.com/inspinia_admin-v2.9.1/table_basic.html]
[webapplayers.com/inspinia_admin-v2.9.1/js/plugins/video/responsible-video.js]
[webapplayers.com/inspinia_admin-v2.9.1/css/plugins/dataTables/datatables.min.css]
[webapplayers.com/inspinia_admin-v2.9.1/table_data_tables.html]
[webapplayers.com/inspinia_admin-v2.9.1/js/plugins/dataTables/dataTables.bootstrap4.min.js]
[webapplayers.com/inspinia_admin-v2.9.1/css/plugins/footable/footable.core.css]
[webapplayers.com/inspinia_admin-v2.9.1/table_foo_table.html]
[webapplayers.com/inspinia_admin-v2.9.1/css/plugins/jQueryUI/jquery-ui-1.10.4.custom.min.css]
[webapplayers.com/inspinia_admin-v2.9.1/js/plugins/footable/footable.all.min.js]
[webapplayers.com/inspinia_admin-v2.9.1/css/plugins/jqGrid/ui.jqgrid.css]
[webapplayers.com/inspinia_admin-v2.9.1/jq_grid.html]
[webapplayers.com/inspinia_admin-v2.9.1/js/plugins/jqGrid/i18n/grid.locale-en.js]
[webapplayers.com/inspinia_admin-v2.9.1/ecommerce_products_grid.html]
[webapplayers.com/inspinia_admin-v2.9.1/ecommerce_product_list.html]
[webapplayers.com/inspinia_admin-v2.9.1/img/gallery/2s.jpg]
[mydomain.com/images/image1.246.delayed]
[webapplayers.com/inspinia_admin-v2.9.1/img/gallery/1s.jpg]
[mydomain.com/images/image2.248.delayed]
[webapplayers.com/inspinia_admin-v2.9.1/img/gallery/3s.jpg]
[webapplayers.com/inspinia_admin-v2.9.1/js/plugins/jqGrid/jquery.jqGrid.min.js]
[mydomain.com/images/image3.24a.delayed]
[webapplayers.com/inspinia_admin-v2.9.1/img/gallery/4s.jpg]
[mydomain.com/images/image4.24c.delayed]
[webapplayers.com/inspinia_admin-v2.9.1/img/gallery/5s.jpg]
[mydomain.com/images/image5.24e.delayed]
[webapplayers.com/inspinia_admin-v2.9.1/img/gallery/6s.jpg]
[mydomain.com/images/image6.250.delayed]
[webapplayers.com/inspinia_admin-v2.9.1/img/gallery/7s.jpg]
[mydomain.com/images/image7.252.delayed]
[webapplayers.com/inspinia_admin-v2.9.1/ecommerce_product.html]
[webapplayers.com/inspinia_admin-v2.9.1/css/plugins/slick/slick.css]
[webapplayers.com/inspinia_admin-v2.9.1/js/plugins/pwstrength/zxcvbn.js]
[webapplayers.com/inspinia_admin-v2.9.1/css/plugins/slick/slick-theme.css]
[webapplayers.com/inspinia_admin-v2.9.1/ecommerce_product_detail.html]
[webapplayers.com/inspinia_admin-v2.9.1/ecommerce-cart.html]
[webapplayers.com/inspinia_admin-v2.9.1/ecommerce-orders.html]
[webapplayers.com/inspinia_admin-v2.9.1/ecommerce_payments.html]
[webapplayers.com/inspinia_admin-v2.9.1/css/plugins/blueimp/css/blueimp-gallery.min.css]
[webapplayers.com/inspinia_admin-v2.9.1/js/plugins/slick/slick.min.js]
[webapplayers.com/inspinia_admin-v2.9.1/img/gallery/1.jpg]
[webapplayers.com/inspinia_admin-v2.9.1/img/gallery/2.jpg]
[webapplayers.com/inspinia_admin-v2.9.1/img/gallery/4.jpg]
[webapplayers.com/inspinia_admin-v2.9.1/js/plugins/dataTables/datatables.min.js]
[webapplayers.com/inspinia_admin-v2.9.1/img/gallery/5.jpg]
[webapplayers.com/inspinia_admin-v2.9.1/img/gallery/6.jpg]
[webapplayers.com/inspinia_admin-v2.9.1/img/gallery/7.jpg]
[webapplayers.com/inspinia_admin-v2.9.1/img/gallery/8.jpg]
[webapplayers.com/inspinia_admin-v2.9.1/img/gallery/8s.jpg]
[webapplayers.com/inspinia_admin-v2.9.1/img/gallery/9s.jpg]
[webapplayers.com/inspinia_admin-v2.9.1/img/gallery/10.jpg]
[webapplayers.com/inspinia_admin-v2.9.1/img/gallery/10s.jpg]
[webapplayers.com/inspinia_admin-v2.9.1/img/gallery/12.jpg]
[webapplayers.com/inspinia_admin-v2.9.1/img/gallery/12s.jpg]
[webapplayers.com/inspinia_admin-v2.9.1/img/gallery/11s.jpg]
[webapplayers.com/inspinia_admin-v2.9.1/js/plugins/blueimp/jquery.blueimp-gallery.min.js]
[webapplayers.com/inspinia_admin-v2.9.1/basic_gallery.html]
[webapplayers.com/inspinia_admin-v2.9.1/slick_carousel.html]
[webapplayers.com/inspinia_admin-v2.9.1/img/p_big3.jpg]
[webapplayers.com/inspinia_admin-v2.9.1/img/p_big1.jpg]
[webapplayers.com/inspinia_admin-v2.9.1/img/p_big2.jpg]
[webapplayers.com/inspinia_admin-v2.9.1/carousel.html]
[webapplayers.com/inspinia_admin-v2.9.1/css_animation.html]
[webapplayers.com/inspinia_admin-v2.9.1/font-awesome/css/font-awesome.min.css]
[webapplayers.com/inspinia_admin-v2.9.1/img/landing/laptop.png]
[webapplayers.com/inspinia_admin-v2.9.1/img/landing/perspective.png]
[webapplayers.com/inspinia_admin-v2.9.1/img/landing/dashboard.png]
[webapplayers.com/inspinia_admin-v2.9.1/img/landing/avatar3.jpg]
[webapplayers.com/inspinia_admin-v2.9.1/img/landing/avatar1.jpg]
[webapplayers.com/inspinia_admin-v2.9.1/img/landing/avatar2.jpg]
[webapplayers.com/inspinia_admin-v2.9.1/img/landing/iphone.jpg]
[webapplayers.com/inspinia_admin-v2.9.1/js/plugins/wow/wow.min.js]
[webapplayers.com/inspinia_admin-v2.9.1/landing.html]
[webapplayers.com/inspinia_admin-v2.9.1/img/html_logo.png]
[webapplayers.com/inspinia_admin-v2.9.1/img/mvc_logo.png]
[webapplayers.com/inspinia_admin-v2.9.1/img/meteor_logo.png]
[webapplayers.com/inspinia_admin-v2.9.1/img/angular_logo.png]
[webapplayers.com/inspinia_admin-v2.9.1/img/rails_logo.png]
[webapplayers.com/inspinia_admin-v2.9.1/package.html]
[webapplayers.com/inspinia_admin-v2.9.1/Angular/index.html]
[webapplayers.com/inspinia_admin-v2.9.1/font-awesome/fonts/fontawesome-webfont3e6e.svg]
[webapplayers.com/inspinia_admin-v2.9.1/fonts/glyphicons-halflings-regular.svg]
[webapplayers.com/inspinia_admin-v2.9.1/css/plugins/iCheck/green.png]
[webapplayers.com/inspinia_admin-v2.9.1/css/plugins/iCheck/green@2x.png]
[webapplayers.com/inspinia_admin-v2.9.1/css/plugins/iCheck/custom.css]
[webapplayers.com/inspinia_admin-v2.9.1/css/plugins/morris/morris-0.4.3.min.css]
[webapplayers.com/inspinia_admin-v2.9.1/dashboard_4.html]
[webapplayers.com/inspinia_admin-v2.9.1/off_canvas_menu.html]
[webapplayers.com/inspinia_admin-v2.9.1/css/plugins/chartist/chartist.min.css]
[webapplayers.com/inspinia_admin-v2.9.1/css/plugins/c3/c3.min.css]
[webapplayers.com/inspinia_admin-v2.9.1/css/plugins/summernote/font/summernote9d3d.eot]
[webapplayers.com/inspinia_admin-v2.9.1/css/plugins/summernote/font/summernoted41d.eot]
[webapplayers.com/inspinia_admin-v2.9.1/css/plugins/summernote/font/summernote9d3d.woff]
[webapplayers.com/inspinia_admin-v2.9.1/css/plugins/summernote/font/summernote9d3d.ttf]
[webapplayers.com/inspinia_admin-v2.9.1/css/plugins/summernote/summernote-bs4.css]
[webapplayers.com/inspinia_admin-v2.9.1/email_templates/styles.css]
[webapplayers.com/inspinia_admin-v2.9.1/email_templates/img/header.jpg]
[webapplayers.com/inspinia_admin-v2.9.1/email_templates/action.html]
[webapplayers.com/inspinia_admin-v2.9.1/email_templates/alert.html]
[webapplayers.com/inspinia_admin-v2.9.1/email_templates/billing.html]
[webapplayers.com/inspinia_admin-v2.9.1/css/plugins/awesome-bootstrap-checkbox/awesome-bootstrap-checkbox.css]
[webapplayers.com/inspinia_admin-v2.9.1/css/plugins/chosen/chosen-sprite.png]
[webapplayers.com/inspinia_admin-v2.9.1/css/plugins/chosen/chosen-sprite@2x.png]
[webapplayers.com/inspinia_admin-v2.9.1/css/plugins/chosen/bootstrap-chosen.css]
[webapplayers.com/inspinia_admin-v2.9.1/css/plugins/bootstrap-tagsinput/bootstrap-tagsinput.css]
[webapplayers.com/inspinia_admin-v2.9.1/css/plugins/images/bootstrap-colorpicker/saturation.png]
[webapplayers.com/inspinia_admin-v2.9.1/css/plugins/images/bootstrap-colorpicker/hue.png]
[webapplayers.com/inspinia_admin-v2.9.1/css/plugins/images/bootstrap-colorpicker/alpha.png]
[webapplayers.com/inspinia_admin-v2.9.1/css/plugins/images/bootstrap-colorpicker/hue-horizontal.png]
[webapplayers.com/inspinia_admin-v2.9.1/css/plugins/colorpicker/bootstrap-colorpicker.min.css]
[webapplayers.com/inspinia_admin-v2.9.1/css/plugins/cropper/cropper.min.css]
[webapplayers.com/inspinia_admin-v2.9.1/css/plugins/switchery/switchery.css]
[webapplayers.com/inspinia_admin-v2.9.1/css/plugins/jasny/jasny-bootstrap.min.css]
[webapplayers.com/inspinia_admin-v2.9.1/css/plugins/nouslider/jquery.nouislider.css]
[webapplayers.com/inspinia_admin-v2.9.1/css/plugins/datapicker/datepicker3.css]
[webapplayers.com/inspinia_admin-v2.9.1/css/plugins/ionRangeSlider/ion.rangeSlider.css]
[webapplayers.com/inspinia_admin-v2.9.1/css/plugins/images/bootstrap-colorpicker/alpha-horizontal.png]
[webapplayers.com/inspinia_admin-v2.9.1/css/plugins/images/sprite-skin-flat.png]
[webapplayers.com/inspinia_admin-v2.9.1/css/plugins/ionRangeSlider/ion.rangeSlider.skinFlat.css]
[webapplayers.com/inspinia_admin-v2.9.1/css/plugins/clockpicker/clockpicker.css]
[webapplayers.com/inspinia_admin-v2.9.1/css/plugins/daterangepicker/daterangepicker-bs3.css]
[webapplayers.com/inspinia_admin-v2.9.1/css/plugins/select2/select2.min.css]
[webapplayers.com/inspinia_admin-v2.9.1/css/plugins/touchspin/jquery.bootstrap-touchspin.min.css]
[webapplayers.com/inspinia_admin-v2.9.1/css/plugins/dualListbox/bootstrap-duallistbox.min.css]
[webapplayers.com/inspinia_admin-v2.9.1/css/plugins/steps/jquery.steps.css]
[webapplayers.com/inspinia_admin-v2.9.1/css/plugins/dropzone/basic.css]
[webapplayers.com/inspinia_admin-v2.9.1/css/plugins/dropzone/dropzone.css]
[webapplayers.com/inspinia_admin-v2.9.1/css/plugins/codemirror/codemirror.css]
[webapplayers.com/inspinia_admin-v2.9.1/css/plugins/bootstrap-markdown/bootstrap-markdown.min.css]
[webapplayers.com/inspinia_admin-v2.9.1/css/plugins/codemirror/ambiance.css]
[webapplayers.com/inspinia_admin-v2.9.1/css/plugins/fullcalendar/fullcalendar.css]
[webapplayers.com/inspinia_admin-v2.9.1/css/plugins/fullcalendar/fullcalendar.print.css]
[webapplayers.com/inspinia_admin-v2.9.1/invoice_print.html]
[github.githubassets.com/assets/frameworks-abba74d6e28a6842788159fec056bf26.css]
[github.githubassets.com/assets/site-0e25450ff46c1fbf61d504f9ffc4d784.css]
[github.githubassets.com/assets/github-52cbcc40dcd4c1570226a72b3df60ecf.css]
[github.com/fluidicon.png]
[github.com/mozilla/mozilla/pdf.28b.delayed]
[github.com/mozilla/pdf.js/commits/master.atom]
[github.com/login7143.html]
[github.com/mozilla/pdf.js/watchers.html]
[github.com/mozilla/pdf.js/stargazers.html]
[github.com/mozilla/pdf.js/network/members.html]
[github.com/mozilla/pdf.js/issues.html]
[github.com/mozilla/pdf.js/pulls.html]
[github.com/mozilla/pdf.js/projects.html]
[github.com/mozilla/pdf.js/wiki.html]
[github.com/mozilla/pdf.js/pulse.html]
[github.com/mozilla/pdf.js/commits/master.html]
[github.com/mozilla/pdf.js/branches.297.delayed]
[github.com/mozilla/pdf.js/releases.html]
[github.com/mozilla/pdf.js/graphs/contributors.html]
[github.com/mozilla/pdf.js/blob/master/LICENSE.html]
[github.com/mozilla/pdf.js/searchd9f4.html]
[github.com/mozilla/pdf.js/searchefff.html]
[github.com/mozilla/pdf.js/search72d8.html]
[github.com/mozilla/pdf.js/ref-list/master3f43.html]
[github.com/mozilla/pdf.js/find/master.html]
[github.com/loginc662.html]
[github.com/join7143.html]
[github.com/mozilla/pdf.js/commits25d9.html]
[github.com/mozilla/pdf.js/commit/9b5a937f78418ad6b114ca66d062cf2ae416d05f.html]
[github.com/mozilla/pdf.js/pull/10668.html]
[github.com/mozilla/pdf.js/file-list/master.html]
[github.com/mozilla/pdf.js/tree/9b5a937f78418ad6b114ca66d062cf2ae416d05f.html]
[github.githubassets.com/images/spinners/octocat-spinner-32.gif]
[github.com/mozilla/pdf.js/tree/master/.html]
[github.com/mozilla/pdf.js/commit/40466a85e013885ff170ddfb171f483287e210be.html]
[github.com/mozilla/pdf.js/tree/master/docs.html]
[github.com/mozilla/pdf.js/commit/be3defdd94ae53114da4da318e9f4580e5e11eb8.html]
[github.com/mozilla/pdf.js/tree/master/examples.html]
[github.com/mozilla/pdf.js/commit/f06b2e4e9fccace5711d51a45b8de033fadec190.html]
[github.com/mozilla/pdf.js/tree/master/extensions.html]
[github.com/mozilla/pdf.js/commit/0f0650f426ac12d931109d3c0fd4b249ddb732c0.html]
[github.com/mozilla/pdf.js/tree/master/external.html]
[github.com/mozilla/pdf.js/commit/24a688d6c6155b218a7f8358511c1953ceb8e5de.html]
[github.com/mozilla/pdf.js/tree/master/l10n.html]
[github.com/mozilla/pdf.js/commit/ff8e7114f4bdedcf0a3ed5a1aff8fd126db584bf.html]
[github.com/mozilla/pdf.js/tree/master/src.html]
[github.com/mozilla/pdf.js/commit/33bfbef6ba73014d60b5c071a6f8c4b8852ff8eb.html]
[github.com/mozilla/pdf.js/pull/10635.html]
[github.com/mozilla/pdf.js/tree/master/test.html]
[github.com/mozilla/pdf.js/tree/master/web.html]
[github.com/mozilla/pdf.js/commit/2e044bf646890665767c049c69a4f22bb5c2cc65.html]
[github.com/mozilla/pdf.js/blob/master/.html]
[github.com/mozilla/pdf.js/blob/master/-2.html]
[github.com/mozilla/pdf.js/blob/master/-3.html]
[github.com/mozilla/pdf.js/commit/86472e998168966a0911eed986a34c99c64cd28d.html]
[github.com/mozilla/pdf.js/blob/master/-4.html]
[github.com/mozilla/pdf.js/blob/master/-5.html]
[github.com/mozilla/pdf.js/commit/a71886ffe01568d82714ee3fa09e43af4f78a047.html]
[github.com/mozilla/pdf.js/blob/master/-6.html]
[github.com/mozilla/pdf.js/blob/master/-7.html]
[github.com/mozilla/pdf.js/commit/a9135f5c35138db811e59cd2a736892440f61292.html]
[github.com/mozilla/pdf.js/blob/master/.travis.html]
[github.com/mozilla/pdf.js/commit/fa85f8629825cc16550db491b1a95194df1f26c8.html]
[github.com/mozilla/pdf.js/blob/master/AUTHORS.html]
[github.com/mozilla/pdf.js/blob/master/EXPORT.html]
[github.com/mozilla/pdf.js/commit/a7f052282152232b2e87e5cd4dc4a0d1db438a0c.html]
[github.com/mozilla/pdf.js/commit/54e984c763c3789856332024ac61c370aa49ce7e.html]
[github.com/mozilla/pdf.js/blob/master/README.html]
[github.com/mozilla/pdf.js/blob/master/gulpfile.html]
[github.com/mozilla/pdf.js/commit/f7cc33165494b45579c9d8536d3b7c1b1bcfc64c.html]
[github.com/mozilla/pdf.js/blob/master/package-lock.html]
[github.com/mozilla/pdf.js/commit/b607ef4b65c62d98e8a6f6d2d61277562ee34316.html]
[github.com/mozilla/pdf.js/blob/master/package.html]
[github.com/mozilla/pdf.js/blob/master/pdfjs.html]
[github.com/mozilla/pdf.js/commit/77de6ee1f6fecacadd47ee987f49125bb330ac15.html]
[github.com/mozilla/pdf.js/blob/master/systemjs.config.html]
[travis-ci.org/mozilla/pdf.html]
[github.com/mozilla/pdf.js/blob/master/.github/CONTRIBUTING.html]
[github.com/mozilla/pdf.js/wiki/Contributing.html]
[github.com/mozilla/pdf.js/wiki/Frequently-Asked-Questions.html]
[github.com/mozilla/pdf.js/wiki/Setup-pdf.html]
[cdnjs.com/libraries/pdf.html]
[github.com/mozilla/pdf.js/tree/master/examples/index.html]
[github.com/mozilla/pdf.js/wiki/Additional-Learning-Resources.html]
[github.githubassets.com/assets/compat-bootstrap-8102d067.js]
[github.com/mozilla/pdf.html]
[webapplayers.com/inspinia_admin-v2.9.1/css/plugins/sweetalert/sweetalert.css]
[webapplayers.com/inspinia_admin-v2.9.1/css/plugins/ladda/ladda-themeless.min.css]
[webapplayers.com/inspinia_admin-v2.9.1/css/plugins/textSpinners/spinners.css]
[webapplayers.com/inspinia_admin-v2.9.1/css/plugins/bootstrapSocial/bootstrap-social.css]
[webapplayers.com/inspinia_admin-v2.9.1/forum_post.html]
[webapplayers.com/inspinia_admin-v2.9.1/css/plugins/jsTree/style.min.css]
[webapplayers.com/inspinia_admin-v2.9.1/css/plugins/bootstrapTour/bootstrap-tour.min.css]
[webapplayers.com/inspinia_admin-v2.9.1/css/plugins/jQueryUI/images/animated-overlay.gif]
[github.githubassets.com/assets/frameworks-48768965.js]
[webapplayers.com/inspinia_admin-v2.9.1/css/plugins/jQueryUI/images/ui-bg_flat_75_ffffff_40x100.png]
[webapplayers.com/inspinia_admin-v2.9.1/css/plugins/jQueryUI/images/ui-bg_highlight-soft_75_cccccc_1x100.png]
[webapplayers.com/inspinia_admin-v2.9.1/css/plugins/jQueryUI/images/ui-bg_glass_75_e6e6e6_1x400.png]
[webapplayers.com/inspinia_admin-v2.9.1/css/plugins/jQueryUI/images/ui-bg_glass_75_dadada_1x400.png]
[webapplayers.com/inspinia_admin-v2.9.1/css/plugins/jQueryUI/images/ui-bg_glass_65_ffffff_1x400.png]
[github.githubassets.com/assets/github-bootstrap-b99717b5.js]
[webapplayers.com/inspinia_admin-v2.9.1/css/plugins/jQueryUI/images/ui-bg_glass_55_fbf9ee_1x400.png]
[webapplayers.com/inspinia_admin-v2.9.1/css/plugins/jQueryUI/images/ui-bg_glass_95_fef1ec_1x400.png]
[webapplayers.com/inspinia_admin-v2.9.1/css/plugins/jQueryUI/images/ui-icons_222222_256x240.png]
[webapplayers.com/inspinia_admin-v2.9.1/css/plugins/jQueryUI/images/ui-icons_888888_256x240.png]
[webapplayers.com/inspinia_admin-v2.9.1/css/plugins/jQueryUI/images/ui-icons_454545_256x240.png]
[webapplayers.com/inspinia_admin-v2.9.1/css/plugins/jQueryUI/images/ui-icons_2e83ff_256x240.png]
[webapplayers.com/inspinia_admin-v2.9.1/css/plugins/jQueryUI/images/ui-icons_cd0a0a_256x240.png]
[webapplayers.com/inspinia_admin-v2.9.1/css/plugins/jQueryUI/images/ui-bg_flat_0_aaaaaa_40x100.png]
[webapplayers.com/inspinia_admin-v2.9.1/css/plugins/jQueryUI/jquery-ui.css]
[webapplayers.com/inspinia_admin-v2.9.1/css/plugins/dataTables/datatables.min.css]
[webapplayers.com/inspinia_admin-v2.9.1/css/plugins/footable/fonts/footable.eot]
[webapplayers.com/inspinia_admin-v2.9.1/css/plugins/footable/fonts/footabled41d.eot]
[webapplayers.com/inspinia_admin-v2.9.1/css/plugins/footable/fonts/footable.woff]
[webapplayers.com/inspinia_admin-v2.9.1/css/plugins/footable/fonts/footable.ttf]
[webapplayers.com/inspinia_admin-v2.9.1/css/plugins/footable/footable.core.css]
[webapplayers.com/inspinia_admin-v2.9.1/css/plugins/jQueryUI/jquery-ui-1.10.4.custom.min.css]
[webapplayers.com/inspinia_admin-v2.9.1/css/plugins/jqGrid/ui.jqgrid.css]
[mydomain.com/images/image1.html]
[mydomain.com/images/image2.html]
[mydomain.com/images/image3.html]
[mydomain.com/images/image4.html]
[mydomain.com/images/image5.html]
[mydomain.com/images/image6.html]
[mydomain.com/images/image7.html]
[webapplayers.com/inspinia_admin-v2.9.1/css/plugins/slick/slick.css]
[webapplayers.com/inspinia_admin-v2.9.1/css/plugins/footable/fonts/footable.svg]
[webapplayers.com/inspinia_admin-v2.9.1/css/plugins/slick/ajax-loader.gif]
[webapplayers.com/inspinia_admin-v2.9.1/css/plugins/slick/fonts/slick.eot]
[webapplayers.com/inspinia_admin-v2.9.1/css/plugins/slick/fonts/slickd41d.eot]
[webapplayers.com/inspinia_admin-v2.9.1/css/plugins/slick/fonts/slick.woff]
[webapplayers.com/inspinia_admin-v2.9.1/css/plugins/slick/fonts/slick.ttf]
[webapplayers.com/inspinia_admin-v2.9.1/css/plugins/slick/slick-theme.css]
[webapplayers.com/inspinia_admin-v2.9.1/css/plugins/slick/fonts/slick.svg]
[webapplayers.com/inspinia_admin-v2.9.1/css/plugins/blueimp/img/loading.gif]
[webapplayers.com/inspinia_admin-v2.9.1/css/plugins/blueimp/img/error.png]
[webapplayers.com/inspinia_admin-v2.9.1/css/plugins/blueimp/img/play-pause.png]
[webapplayers.com/inspinia_admin-v2.9.1/css/plugins/blueimp/img/error.svg]
[webapplayers.com/inspinia_admin-v2.9.1/css/plugins/blueimp/img/play-pause.svg]
[webapplayers.com/inspinia_admin-v2.9.1/css/plugins/blueimp/img/video-play.png]
[webapplayers.com/inspinia_admin-v2.9.1/css/plugins/blueimp/css/blueimp-gallery.min.css]
[webapplayers.com/inspinia_admin-v2.9.1/font-awesome/css/font-awesome.min.css]
[webapplayers.com/inspinia_admin-v2.9.1/css/plugins/blueimp/img/video-play.svg]
[webapplayers.com/inspinia_admin-v2.9.1/Angular/css/bootstrap.min.css]
[webapplayers.com/inspinia_admin-v2.9.1/Angular/font-awesome/css/font-awesome.css]
[webapplayers.com/inspinia_admin-v2.9.1/Angular/css/animate.css]
[webapplayers.com/inspinia_admin-v2.9.1/Angular/css/style.css]
[webapplayers.com/inspinia_admin-v2.9.1/Angular/js/plugins/metisMenu/jquery.metisMenu.js]
[webapplayers.com/inspinia_admin-v2.9.1/Angular/js/jquery/jquery-3.1.1.min.js]
[webapplayers.com/inspinia_admin-v2.9.1/Angular/js/bootstrap/bootstrap.min.js]
[webapplayers.com/inspinia_admin-v2.9.1/Angular/js/plugins/slimscroll/jquery.slimscroll.min.js]
[webapplayers.com/inspinia_admin-v2.9.1/Angular/js/inspinia.js]
[webapplayers.com/inspinia_admin-v2.9.1/Angular/js/plugins/pace/pace.min.js]
[webapplayers.com/inspinia_admin-v2.9.1/Angular/js/plugins/jquery-ui/jquery-ui.min.js]
[webapplayers.com/inspinia_admin-v2.9.1/Angular/js/plugins/oclazyload/dist/ocLazyLoad.min.js]
[webapplayers.com/inspinia_admin-v2.9.1/Angular/js/angular/angular-sanitize.js]
[webapplayers.com/inspinia_admin-v2.9.1/Angular/js/angular-translate/angular-translate.min.js]
[webapplayers.com/inspinia_admin-v2.9.1/Angular/js/angular/angular.min.js]
[webapplayers.com/inspinia_admin-v2.9.1/Angular/js/ui-router/angular-ui-router.min.js]
[webapplayers.com/inspinia_admin-v2.9.1/Angular/js/plugins/angular-idle/angular-idle.js]
[webapplayers.com/inspinia_admin-v2.9.1/Angular/js/app.js]
[webapplayers.com/inspinia_admin-v2.9.1/Angular/js/translations.js]
[webapplayers.com/inspinia_admin-v2.9.1/Angular/js/bootstrap/ui-bootstrap-tpls-1.1.2.min.js]
[webapplayers.com/inspinia_admin-v2.9.1/Angular/js/config.js]
[webapplayers.com/inspinia_admin-v2.9.1/Angular/index.html]
[webapplayers.com/inspinia_admin-v2.9.1/email_templates/styles.css]
[webapplayers.com/inspinia_admin-v2.9.1/Angular/js/directives.js]
[github.githubassets.com/images/spinners/octocat-spinner-16px.gif]
[github.githubassets.com/images/modules/ajax/success.png]
[webapplayers.com/inspinia_admin-v2.9.1/Angular/js/controllers.js]
[github.githubassets.com/images/modules/ajax/error.png]
[github.githubassets.com/images/modules/ajax/success@2x.png]
[github.githubassets.com/images/modules/ajax/error@2x.png]
[github.githubassets.com/images/spinners/octocat-spinner-32-EAF2F5.gif]
[github.githubassets.com/assets/frameworks-abba74d6e28a6842788159fec056bf26.css]
[github.githubassets.com/images/modules/site/netneutrality/netneutrality.png]
[github.githubassets.com/images/modules/site/illflow_window_ui.png]
[github.githubassets.com/images/modules/site/business-security-illflow-bg.png]
[github.githubassets.com/images/modules/site/site-signup-prompt.png]
[github.githubassets.com/assets/site-0e25450ff46c1fbf61d504f9ffc4d784.css]
[github.githubassets.com/images/spinners/octocat-spinner-16px-EAF2F5.gif]
[github.githubassets.com/images/modules/pulls/progressive-disclosure-line@2x.png]
[github.githubassets.com/images/modules/pagehead/background-yellowhatch-v3.png]
[github.githubassets.com/images/spinners/octocat-spinner-64.gif]
[github.githubassets.com/images/modules/jobs/logo.png]
[github.githubassets.com/images/modules/commit/trans_bg.gif]
[github.githubassets.com/images/modules/comments/closed_pattern.gif]
[github.githubassets.com/images/spinners/octocat-spinner-128.gif]
[github.githubassets.com/images/modules/orgs/dots-bg.png]
[github.githubassets.com/images/modules/settings/2fa_guide.png]
[github.githubassets.com/images/modules/settings/2fa_guide@2x.png]
[github.githubassets.com/assets/github-52cbcc40dcd4c1570226a72b3df60ecf.css]
[github.com/mozilla/mozilla/pdf.json]
[github.com/opensearch.xml]
[github.githubassets.com/images/modules/open_graph/github-logo.png]
[github.githubassets.com/images/modules/open_graph/github-mark.png]
[github.githubassets.com/images/modules/open_graph/github-octocat.png]
[github.com/login.html]
[github.com/manifest.json]
[github.com/password_reset.html]
[github.com/joinac00.html]
[github.com/login7143.html]
[github.com/contact.html]
[github.com/mozilla/pdf.js/mozilla/pdf.337.delayed]
[github.com/mozilla/pdf.js/watchers4658.html]
[github.com/mozilla/pdf.js/watchers9ba9.html]
[github.com/mozilla/pdf.js/watchersfdb0.html]
[github.com/mozilla/pdf.js/watchersaf4d.html]
[github.com/mozilla/pdf.js/watchers7537.html]
[github.com/mozilla/pdf.js/watchers.html]
[github.com/mozilla/pdf.js/watchersf62c.html]
[github.com/mozilla/pdf.js/stargazers.html]
[github.com/mozilla/pdf.js/stargazers8904.html]
[github.com/mozilla/pdf.js/network/mozilla/pdf.340.delayed]
[github.com/mozilla/pdf.js/graphs/commit-activity.html]
[github.com/mozilla/pdf.js/graphs/code-frequency.html]
[github.com/mozilla/pdf.js/network/dependencies.html]
[github.com/mozilla/pdf.js/network.html]
[github.githubassets.com/images/modules/network/t.png]
[github.com/007design/pdf.html]
[github.com/2020booth/pdf.html]
[github.com/AamirAslam/pdf.html]
[github.com/aaronksaunders/pdf.html]
[github.com/abdheshkumar/pdf.html]
[github.com/AbdiEffendi/pdf.html]
[github.com/abdots/pdf.html]
[github.com/acdigital/pdf.html]
[github.com/acidfilez/pdf.html]
[github.com/adamchandra/pdf.html]
[github.com/adamdrew/pdf.html]
[github.com/adammw/pdf.html]
[github.com/adanarchila/pdf.html]
[github.com/addaddc/pdf.html]
[github.com/AdibR/pdf.html]
[github.com/adifire/pdf.html]
[github.githubassets.com/images/modules/network/i.png]
[github.githubassets.com/images/modules/network/l.png]
[github.com/ado24/pdf.html]
[github.com/adrianherritt/pdf.html]
[github.com/aflext/pdf.html]
[github.com/agborkowski/pdf.html]
[github.com/agiza/pdf.html]
[github.com/akondylis/pdf.html]
[github.com/akosciak/pdf.html]
[github.com/akrennmair/pdf.html]
[github.com/akshar100/pdf.html]
[github.com/alaa-eddine/pdf.html]
[github.com/albertvp/pdf.html]
[github.com/aleth/pdf.html]
[github.com/alexgenovese/pdf.html]
[github.com/alexjobs/pdf.html]
[github.com/alexmedwedev/pdf.html]
[github.com/AlienX/pdf.html]
[github.com/AliMartin/pdf.html]
[github.com/alinepure/pdf.html]
[github.com/alivedise/pdf.html]
[github.com/alkeicam/pdf.html]
[github.com/allstarschh/pdf.html]
[github.com/alminist/pdf.html]
[github.com/Alrassas/pdf.html]
[github.com/alvarlaigna/pdf.html]
[github.com/amanaceo/pdf.html]
[github.com/amomusik/pdf.html]
[github.com/AMorgaut/pdf.html]
[github.com/anandshah/pdf.html]
[github.com/andreasgal/pdf.html]
[github.com/abenedictus/pdf.html]
[github.com/ansantiag8/pdf.html]
[github.com/b3ni/pdf.html]
[github.com/bssbbr/pdf.html]
[github.com/christrees/pdf.html]
[github.com/compu26/pdf.html]
[github.com/cristhian-fe/pdf.html]
[github.com/daemon13/pdf.html]
[github.com/ealliaume/pdf.html]
[github.com/esimionato/pdf.html]
[github.com/everojas/pdf.html]
[github.com/ggjjlldd/pdf.html]
[github.com/haberleite/pdf.html]
[github.com/hybmg57/pdf.html]
[github.com/JoshuaGross/pdf.html]
[github.githubassets.com/images/modules/network/b.png]
[github.com/zacgeis/pdf.html]
[github.com/jsnews0012013/pdf.html]
[github.com/judywawira/pdf.html]
[github.com/mailtruck/pdf.html]
[github.com/ManuMonserrate/pdf.html]
[github.com/marcheidemann/pdf.html]
[github.com/mazhar266/pdf.html]
[github.com/mohammedzamakhan/pdf.html]
[github.com/neojjang/pdf.html]
[github.com/oyturas/pdf.html]
[github.com/ozzie00/pdf.html]
[github.com/powerbits/pdf.html]
[github.com/sanyaade-mobiledev/pdf.html]
[github.com/sedzinreri/pdf.html]
[github.com/selaromi/pdf.html]
[github.com/srinivasarao549/pdf.html]
[github.com/stden/pdf.html]
[github.com/andrecurvello/pdf.html]
[github.com/andrewbenedictus/pdf.html]
[github.com/andriyamm/pdf.html]
[github.com/AndyLee1024/pdf.html]
[github.com/anhak/pdf.html]
[github.com/anhkind/pdf.html]
[github.com/anistark/pdf.html]
[github.com/heartstchr/pdf.html]
[github.com/ankitrokdeonsns/pdf.html]
[github.com/antapos/pdf.html]
[github.com/antsfee/pdf.html]
[github.com/anubhavsinha/pdf.html]
[github.com/arantius/pdf.html]
[github.com/archer247/pdf.html]
[github.com/arijitchakraborty/pdf.html]
[github.com/ariofrio/pdf.html]
[github.com/arrogantrobot/pdf.html]
[github.com/arrose/pdf.html]
[github.com/ArticulatingFrequency/pdf.html]
[github.com/arturadib/pdf.html]
[github.com/hobbsmeter/pdf.html]
[github.com/hubgit/pdf.html]
[github.com/projik/pdf.html]
[github.com/arturasakr/pdf.html]
[github.com/arturomc/pdf.html]
[github.com/aruffin/pdf.html]
[github.com/arvind487/pdf.html]
[github.com/asdi/pdf.html]
[github.com/asehra/pdf.html]
[github.com/ashgadala/pdf.html]
[github.com/AshishNamdev/pdf.html]
[github.com/ashlabs/pdf.html]
[github.com/asraniel/pdf.html]
[github.com/assafkamil/pdf.html]
[github.com/asugihara/pdf.html]
[github.com/auntdebris/pdf.html]
[github.com/avikpal/pdf.html]
[github.com/avranju/pdf.html]
[github.com/avukonke/pdf.html]
[github.com/axpart/pdf.html]
[github.com/AymanElarian/pdf.html]
[github.com/babebridou/pdf.html]
[github.com/babyrodri/pdf.html]
[github.com/Badreddinesabir/pdf.html]
[github.com/bagwanpankaj/pdf.html]
[github.com/baibaiwei/pdf.html]
[github.com/balitax/pdf.html]
[github.com/bangnaga/pdf.html]
[github.com/baotm/pdf.html]
[github.com/Bartelo/pdf.html]
[github.com/battuashwik/pdf.html]
[github.com/ben-duffin/pdf.html]
[github.com/benjaminjones/pdf.html]
[github.com/bensochar/pdf.html]
[github.com/bernerdschaefer/pdf.html]
[github.com/berthojoris/pdf.html]
[github.com/bf/pdf.html]
[github.com/biggert/pdf.html]
[github.com/Bill-P/pdf.html]
[github.com/BillyWu/pdf.html]
[github.com/bishoyh/pdf.html]
[github.com/bit/pdf.html]
[github.com/bmanojkumar/pdf.html]
[github.com/bmvakili/pdf.html]
[github.com/boddhi9/pdf.html]
[github.com/bodi-feex/pdf.html]
[github.com/bolivartorres/pdf.html]
[github.com/boric/pdf.html]
[github.com/boxertech/pdf.html]
[github.com/BradleyFaught/pdf.html]
[github.com/brahminder/pdf.html]
[github.com/break123/pdf.html]
[github.com/brendandahl/pdf.html]
[github.com/briangrace/pdf.html]
[github.com/BrianSHenderson/pdf.html]
[github.com/brianzelip/pdf.html]
[github.com/Brijen/pdf.html]
[github.com/brohit4/pdf.html]
[github.com/bronfman/pdf.html]
[github.com/brucepc/pdf.html]
[github.com/btsantos/pdf.html]
[github.com/bullda/pdf.html]
[github.com/bumjinkim/pdf.html]
[github.com/burkeen/pdf.html]
[github.com/butelo/pdf.html]
[github.com/bygreencn/pdf.html]
[github.com/c4723/pdf.html]
[github.com/c4s/pdf.html]
[github.com/cabanier/pdf.html]
[github.com/caffreyZ/pdf.html]
[github.com/caimingqin/pdf.html]
[github.com/camilogarzon/pdf.html]
[github.com/candicies/pdf.html]
[github.com/cantero20/pdf.html]
[github.com/canwhn/pdf.html]
[github.com/carlosloga/pdf.html]
[github.com/cbezares/pdf.html]
[github.com/ccfzy/pdf.html]
[github.com/cdmalon/pdf.html]
[github.com/CentralHydraulics/pdf.html]
[github.com/cesaryopasa/pdf.html]
[github.com/chachonen/pdf.html]
[github.com/chadfry/pdf.html]
[github.com/chage/pdf.html]
[github.com/chambita/pdf.html]
[github.com/chanified/pdf.html]
[github.com/chenlibin8920/pdf.html]
[github.com/chenosaurus/pdf.html]
[github.com/chenruixuan/pdf.html]
[github.com/chenzihui/pdf.html]
[github.com/Chesare9/pdf.html]
[github.com/chetandhembre/pdf.html]
[github.com/chexy/pdf.html]
[github.com/chinayan/pdf.html]
[github.com/chinmayrane/pdf.html]
[github.com/chinnurtb/pdf.html]
[github.com/chrisbratlien/pdf.html]
[github.com/chrissmithhill/pdf.html]
[github.com/cigraphics/pdf.html]
[github.com/claytonbench/pdf.html]
[github.com/cleberjsantos/pdf.html]
[github.com/clipi/pdf.html]
[github.com/cnshenyi/pdf.html]
[github.com/codeinpeace/pdf.html]
[github.com/coderlabs/pdf.html]
[github.com/codetrail/pdf.html]
[github.com/innovationhero/pdf.html]
[github.com/codiSeat/pdf.html]
[github.com/colbat/pdf.html]
[github.com/colcodev/pdf.html]
[github.com/coodoo/pdf.html]
[github.com/cpurodriguez/pdf.html]
[github.com/csillag/pdf.html]
[github.com/ctfzh/pdf.html]
[github.com/cuifuxuan/pdf.html]
[github.com/curveto-gh/pdf.html]
[github.com/cyclicalnight/pdf.html]
[github.com/cyrobmm/pdf.html]
[github.com/czaber/pdf.html]
[github.com/czchen/pdf.html]
[github.com/dagwieers/pdf.html]
[github.com/daihuaye/pdf.html]
[github.com/dalin/pdf.html]
[github.com/damutine/pdf.html]
[github.com/dangtuo/pdf.html]
[github.com/netyum/pdf.html]
[github.com/danieljohansson/pdf.html]
[github.com/danielt69/pdf.html]
[github.com/dankurka/pdf.html]
[github.com/dardevelin/pdf.html]
[github.com/darkyen/pdf.html]
[github.com/darnyte/pdf.html]
[github.com/darrending/pdf.html]
[github.com/dasqrd73/pdf.html]
[github.com/davebalmer/pdf.html]
[github.com/david99999/pdf.html]
[github.com/ddonng/pdf.html]
[github.com/debloper/pdf.html]
[github.com/SahilC/pdf.html]
[github.com/deepakmakhija/pdf.html]
[github.com/demonslord/pdf.html]
[github.com/dennyho/pdf.html]
[github.com/derambroken/pdf.html]
[github.com/devcrust/pdf.html]
[github.com/devietti/pdf.html]
[github.com/devlato/pdf.html]
[github.com/devongovett/pdf.html]
[github.com/dhcustom/pdf.html]
[github.com/dheerajjain/pdf.html]
[github.com/dhelip/pdf.html]
[github.com/dhirajbodicherla/pdf.html]
[github.com/dhruvmonga/pdf.html]
[github.com/Diffio/pdf.html]
[github.com/digitarald/pdf.html]
[github.com/dinamic/pdf.html]
[github.com/dingyonglaw/pdf.html]
[github.com/dipson/pdf.html]
[github.com/divergentdave/pdf.html]
[github.com/djrondon/pdf.html]
[github.com/djverlinden/pdf.html]
[github.com/dncarley/pdf.html]
[github.com/dokoeur/pdf.html]
[github.com/donaldhuan/pdf.html]
[github.com/dougajmcdonald/pdf.html]
[github.com/downrightmike/pdf.html]
[github.com/dpliatsios/pdf.html]
[github.com/dpowl/pdf.html]
[github.com/draude/pdf.html]
[github.com/dreamfrog/pdf.html]
[github.com/drefrant/pdf.html]
[github.com/drewwells/pdf.html]
[github.com/Drnutsu/pdf.html]
[github.com/dshorthouse/pdf.html]
[github.com/dsub15/pdf.html]
[github.com/ducarroz/pdf.html]
[github.com/DunkRa/pdf.html]
[github.com/duracipatie/pdf.html]
[github.com/earlymeme/pdf.html]
[github.com/EarMaster/pdf.html]
[github.com/ebraminio/pdf.html]
[github.com/ecaroth/pdf.html]
[github.com/edgar/pdf.html]
[github.com/edpzjh/pdf.html]
[github.com/edysetiawan/pdf.html]
[github.com/ehsan/pdf.html]
[github.com/ejchet/pdf.html]
[github.com/ejjy/pdf.html]
[github.com/Ekallatum/pdf.html]
[github.com/ekiilu/pdf.html]
[github.com/electronM/pdf.html]
[github.com/elifkeir/pdf.html]
[github.com/elrapha/pdf.html]
[github.com/eltuza/pdf.html]
[github.com/elzafirox/pdf.html]
[github.com/emaldonadond/pdf.html]
[github.com/emeatown/pdf.html]
[github.com/Emmnuelo/pdf.html]
[github.com/enbifa/pdf.html]
[github.com/eos87/pdf.html]
[github.com/Epictetus/pdf.html]
[github.com/epplestun/pdf.html]
[github.com/Eric013/pdf.html]
[github.com/ErikZhou/pdf.html]
[github.com/erozier/pdf.html]
[github.com/ethanliew/pdf.html]
[github.com/Eun/pdf.html]
[github.com/eventa/pdf.html]
[github.com/evilpie/pdf.html]
[github.com/eyekiller/pdf.html]
[github.com/eyvvil/pdf.html]
[github.com/f2er/pdf.html]
[github.com/faaksa/pdf.html]
[github.com/faikmalik/pdf.html]
[github.com/fchasen/pdf.html]
[github.com/fedegarlo/pdf.html]
[github.com/fengli/pdf.html]
[github.com/hellobin/pdf.html]
[github.com/fengxiaofeng/pdf.html]
[github.com/fengyiyi/pdf.html]
[github.com/mozilla/pdf.js/network/members.html]
[github.com/mozilla/pdf.js/issues.html]
[github.com/mozilla/pdf.js/pulls.html]
[github.com/mozilla/pdf.js/projects.html]
[github.com/mozilla/pdf.js/wiki.html]
[github.com/mozilla/pdf.js/pulse.html]
[github.com/mozilla/pdf.js/commits/master.html]
[github.com/mozilla/pdf.js/branches.html]
[github.com/mozilla/pdf.js/releases.html]
[github.com/mozilla/pdf.js/graphs/contributors.html]
[github.com/mozilla/pdf.js/blob/master/LICENSE.html]
[github.com/mozilla/pdf.js/searchd9f4.html]
[github.com/mozilla/pdf.js/searchefff.html]
[github.com/mozilla/pdf.js/search72d8.html]
[github.com/mozilla/pdf.js/ref-list/master3f43.html]
[github.com/mozilla/pdf.js/find/master.html]
[github.com/loginc662.html]
[github.com/join7143.html]
[github.com/fertorres10/pdf.html]
[github.com/mozilla/pdf.js/commits25d9.html]
[github.com/mozilla/pdf.js/commit/9b5a937f78418ad6b114ca66d062cf2ae416d05f.html]
[github.com/mozilla/pdf.js/pull/10668.html]
[github.com/mozilla/pdf.js/file-list/master.html]
[github.com/mozilla/pdf.js/tree/9b5a937f78418ad6b114ca66d062cf2ae416d05f.html]
[github.com/mozilla/pdf.js/tree/master/.html]
[github.com/mozilla/pdf.js/commit/40466a85e013885ff170ddfb171f483287e210be.html]
[github.com/mozilla/pdf.js/tree/master/docs.html]
[github.com/mozilla/pdf.js/commit/be3defdd94ae53114da4da318e9f4580e5e11eb8.html]
[github.com/mozilla/pdf.js/tree/master/examples.html]
[github.com/mozilla/pdf.js/commit/f06b2e4e9fccace5711d51a45b8de033fadec190.html]
[github.com/mozilla/pdf.js/tree/master/extensions.html]
[github.com/mozilla/pdf.js/commit/0f0650f426ac12d931109d3c0fd4b249ddb732c0.html]
[github.com/mozilla/pdf.js/tree/master/external.html]
[github.com/mozilla/pdf.js/commit/24a688d6c6155b218a7f8358511c1953ceb8e5de.html]
[github.com/mozilla/pdf.js/tree/master/l10n.html]
[github.com/mozilla/pdf.js/commit/ff8e7114f4bdedcf0a3ed5a1aff8fd126db584bf.html]
[github.com/mozilla/pdf.js/tree/master/src.html]
[github.com/mozilla/pdf.js/commit/33bfbef6ba73014d60b5c071a6f8c4b8852ff8eb.html]
[github.com/mozilla/pdf.js/pull/10635.html]
[github.com/mozilla/pdf.js/tree/master/test.html]
[github.com/mozilla/pdf.js/tree/master/web.html]
[github.com/mozilla/pdf.js/commit/2e044bf646890665767c049c69a4f22bb5c2cc65.html]
[github.com/mozilla/pdf.js/blob/master/.html]
[github.com/mozilla/pdf.js/blob/master/-2.html]
[github.com/mozilla/pdf.js/blob/master/-3.html]
[github.com/mozilla/pdf.js/commit/86472e998168966a0911eed986a34c99c64cd28d.html]
[github.com/mozilla/pdf.js/blob/master/-4.html]
[github.com/mozilla/pdf.js/blob/master/-5.html]
[github.com/mozilla/pdf.js/commit/a71886ffe01568d82714ee3fa09e43af4f78a047.html]
[github.com/mozilla/pdf.js/blob/master/-6.html]
[github.com/mozilla/pdf.js/blob/master/-7.html]
[github.com/mozilla/pdf.js/commit/a9135f5c35138db811e59cd2a736892440f61292.html]
[github.com/mozilla/pdf.js/blob/master/.travis.html]
[github.com/mozilla/pdf.js/commit/fa85f8629825cc16550db491b1a95194df1f26c8.html]
[github.com/mozilla/pdf.js/blob/master/AUTHORS.html]
[github.com/mozilla/pdf.js/blob/master/EXPORT.html]
[github.com/mozilla/pdf.js/commit/a7f052282152232b2e87e5cd4dc4a0d1db438a0c.html]
[github.com/mozilla/pdf.js/commit/54e984c763c3789856332024ac61c370aa49ce7e.html]
[github.com/mozilla/pdf.js/blob/master/README.html]
[github.com/mozilla/pdf.js/blob/master/gulpfile.html]
[github.com/mozilla/pdf.js/commit/f7cc33165494b45579c9d8536d3b7c1b1bcfc64c.html]
[github.com/mozilla/pdf.js/blob/master/package-lock.html]
[github.com/mozilla/pdf.js/commit/b607ef4b65c62d98e8a6f6d2d61277562ee34316.html]
[github.com/mozilla/pdf.js/blob/master/package.html]
[github.com/mozilla/pdf.js/blob/master/pdfjs.html]
[github.com/mozilla/pdf.js/commit/77de6ee1f6fecacadd47ee987f49125bb330ac15.html]
[github.com/mozilla/pdf.js/blob/master/systemjs.config.html]
[travis-ci.org/mozilla/pdf.html]
[github.com/mozilla/pdf.js/blob/master/.github/CONTRIBUTING.html]
[github.com/mozilla/pdf.js/wiki/Contributing.html]
[github.com/mozilla/pdf.js/wiki/Frequently-Asked-Questions.html]
[github.com/mozilla/pdf.js/wiki/Setup-pdf.html]
[cdnjs.com/libraries/pdf.html]
[github.com/mozilla/pdf.js/tree/master/examples/index.html]
[github.com/mozilla/pdf.js/wiki/Additional-Learning-Resources.html]
[webapplayers.com/inspinia_admin-v2.9.1/css/plugins/footable/fonts/footable.svg]
[webapplayers.com/inspinia_admin-v2.9.1/css/plugins/slick/fonts/slick.svg]
[webapplayers.com/inspinia_admin-v2.9.1/css/plugins/blueimp/img/error.svg]
[webapplayers.com/inspinia_admin-v2.9.1/css/plugins/blueimp/img/play-pause.svg]
[webapplayers.com/inspinia_admin-v2.9.1/css/plugins/blueimp/img/video-play.svg]
[webapplayers.com/inspinia_admin-v2.9.1/Angular/css/bootstrap.min.css]
[webapplayers.com/inspinia_admin-v2.9.1/Angular/font-awesome/css/font-awesome.css]
[webapplayers.com/inspinia_admin-v2.9.1/Angular/css/animate.css]
[webapplayers.com/inspinia_admin-v2.9.1/Angular/css/style.css]
[github.com/login.html]
[github.com/password_reset.html]
[github.com/joinac00.html]
[github.com/contact.html]
[github.com/mozilla/pdf.js/mozilla/pdf.json]
[github.com/mozilla/pdf.js/watchers4658.html]
[github.com/mozilla/pdf.js/watchers9ba9.html]
[github.com/mozilla/pdf.js/watchersfdb0.html]
[github.com/mozilla/pdf.js/watchersaf4d.html]
[github.com/mozilla/pdf.js/watchers7537.html]
[github.com/mozilla/pdf.js/watchersf62c.html]
[github.com/mozilla/pdf.js/stargazers8904.html]
[github.com/mozilla/pdf.js/network/mozilla/pdf.json]
[github.com/mozilla/pdf.js/graphs/commit-activity.html]
[github.com/mozilla/pdf.js/graphs/code-frequency.html]
[github.com/mozilla/pdf.js/network/dependencies.html]
[github.com/mozilla/pdf.js/network.html]
[github.com/007design/pdf.html]
[github.com/2020booth/pdf.html]
[github.com/AamirAslam/pdf.html]
[github.com/aaronksaunders/pdf.html]
[github.com/abdheshkumar/pdf.html]
[github.com/AbdiEffendi/pdf.html]
[github.com/abdots/pdf.html]
[github.com/acdigital/pdf.html]
[github.com/acidfilez/pdf.html]
[github.com/adamchandra/pdf.html]
[github.com/adamdrew/pdf.html]
[github.com/adammw/pdf.html]
[github.com/adanarchila/pdf.html]
[github.com/addaddc/pdf.html]
[github.com/AdibR/pdf.html]
[github.com/adifire/pdf.html]
[github.com/ado24/pdf.html]
[github.com/adrianherritt/pdf.html]
[github.com/aflext/pdf.html]
[github.com/agborkowski/pdf.html]
[github.com/agiza/pdf.html]
[github.com/akondylis/pdf.html]
[github.com/akosciak/pdf.html]
[github.com/akrennmair/pdf.html]
[github.com/akshar100/pdf.html]
[github.com/alaa-eddine/pdf.html]
[github.com/albertvp/pdf.html]
[github.com/aleth/pdf.html]
[github.com/alexgenovese/pdf.html]
[github.com/alexjobs/pdf.html]
[github.com/alexmedwedev/pdf.html]
[github.com/AlienX/pdf.html]
[github.com/AliMartin/pdf.html]
[github.com/alinepure/pdf.html]
[github.com/alivedise/pdf.html]
[github.com/alkeicam/pdf.html]
[github.com/allstarschh/pdf.html]
[github.com/alminist/pdf.html]
[github.com/Alrassas/pdf.html]
[github.com/alvarlaigna/pdf.html]
[github.com/amanaceo/pdf.html]
[github.com/amomusik/pdf.html]
[github.com/AMorgaut/pdf.html]
[github.com/anandshah/pdf.html]
[github.com/andreasgal/pdf.html]
[github.com/abenedictus/pdf.html]
[github.com/ansantiag8/pdf.html]
[github.com/b3ni/pdf.html]
[github.com/bssbbr/pdf.html]
[github.com/christrees/pdf.html]
[github.com/compu26/pdf.html]
[github.com/cristhian-fe/pdf.html]
[github.com/daemon13/pdf.html]
[github.com/ealliaume/pdf.html]
[github.com/esimionato/pdf.html]
[github.com/everojas/pdf.html]
[github.com/ggjjlldd/pdf.html]
[github.com/haberleite/pdf.html]
[github.com/hybmg57/pdf.html]
[github.com/JoshuaGross/pdf.html]
[github.com/zacgeis/pdf.html]
[github.com/jsnews0012013/pdf.html]
[github.com/judywawira/pdf.html]
[github.com/mailtruck/pdf.html]
[github.com/ManuMonserrate/pdf.html]
[github.com/marcheidemann/pdf.html]
[github.com/mazhar266/pdf.html]
[github.com/mohammedzamakhan/pdf.html]
[github.com/neojjang/pdf.html]
[github.com/oyturas/pdf.html]
[github.com/ozzie00/pdf.html]
[github.com/powerbits/pdf.html]
[github.com/sanyaade-mobiledev/pdf.html]
[github.com/sedzinreri/pdf.html]
[github.com/selaromi/pdf.html]
[github.com/srinivasarao549/pdf.html]
[github.com/stden/pdf.html]
[github.com/andrecurvello/pdf.html]
[github.com/andrewbenedictus/pdf.html]
[github.com/andriyamm/pdf.html]
[github.com/AndyLee1024/pdf.html]
[github.com/anhak/pdf.html]
[github.com/anhkind/pdf.html]
[github.com/anistark/pdf.html]
[github.com/heartstchr/pdf.html]
[github.com/ankitrokdeonsns/pdf.html]
[github.com/antapos/pdf.html]
[github.com/antsfee/pdf.html]
[github.com/anubhavsinha/pdf.html]
[github.com/arantius/pdf.html]
[github.com/archer247/pdf.html]
[github.com/arijitchakraborty/pdf.html]
[github.com/ariofrio/pdf.html]
[github.com/arrogantrobot/pdf.html]
[github.com/arrose/pdf.html]
[github.com/ArticulatingFrequency/pdf.html]
[github.com/arturadib/pdf.html]
[github.com/hobbsmeter/pdf.html]
[github.com/hubgit/pdf.html]
[github.com/projik/pdf.html]
[github.com/arturasakr/pdf.html]
[github.com/arturomc/pdf.html]
[github.com/aruffin/pdf.html]
[github.com/arvind487/pdf.html]
[github.com/asdi/pdf.html]
[github.com/asehra/pdf.html]
[github.com/ashgadala/pdf.html]
[github.com/AshishNamdev/pdf.html]
[github.com/ashlabs/pdf.html]
[github.com/asraniel/pdf.html]
[github.com/assafkamil/pdf.html]
[github.com/asugihara/pdf.html]
[github.com/auntdebris/pdf.html]
[github.com/avikpal/pdf.html]
[github.com/avranju/pdf.html]
[github.com/avukonke/pdf.html]
[github.com/axpart/pdf.html]
[github.com/AymanElarian/pdf.html]
[github.com/babebridou/pdf.html]
[github.com/babyrodri/pdf.html]
[github.com/Badreddinesabir/pdf.html]
[github.com/bagwanpankaj/pdf.html]
[github.com/baibaiwei/pdf.html]
[github.com/balitax/pdf.html]
[github.com/bangnaga/pdf.html]
[github.com/baotm/pdf.html]
[github.com/Bartelo/pdf.html]
[github.com/battuashwik/pdf.html]
[github.com/ben-duffin/pdf.html]
[github.com/benjaminjones/pdf.html]
[github.com/bensochar/pdf.html]
[github.com/bernerdschaefer/pdf.html]
[github.com/berthojoris/pdf.html]
[github.com/bf/pdf.html]
[github.com/biggert/pdf.html]
[github.com/Bill-P/pdf.html]
[github.com/BillyWu/pdf.html]
[github.com/bishoyh/pdf.html]
[github.com/bit/pdf.html]
[github.com/bmanojkumar/pdf.html]
[github.com/bmvakili/pdf.html]
[github.com/boddhi9/pdf.html]
[github.com/bodi-feex/pdf.html]
[github.com/bolivartorres/pdf.html]
[github.com/boric/pdf.html]
[github.com/boxertech/pdf.html]
[github.com/BradleyFaught/pdf.html]
[github.com/brahminder/pdf.html]
[github.com/break123/pdf.html]
[github.com/brendandahl/pdf.html]
[github.com/briangrace/pdf.html]
[github.com/BrianSHenderson/pdf.html]
[github.com/brianzelip/pdf.html]
[github.com/Brijen/pdf.html]
[github.com/brohit4/pdf.html]
[github.com/bronfman/pdf.html]
[github.com/brucepc/pdf.html]
[github.com/btsantos/pdf.html]
[github.com/bullda/pdf.html]
[github.com/bumjinkim/pdf.html]
[github.com/burkeen/pdf.html]
[github.com/butelo/pdf.html]
[github.com/bygreencn/pdf.html]
[github.com/c4723/pdf.html]
[github.com/c4s/pdf.html]
[github.com/cabanier/pdf.html]
[github.com/caffreyZ/pdf.html]
[github.com/caimingqin/pdf.html]
[github.com/camilogarzon/pdf.html]
[github.com/candicies/pdf.html]
[github.com/cantero20/pdf.html]
[github.com/canwhn/pdf.html]
[github.com/carlosloga/pdf.html]
[github.com/cbezares/pdf.html]
[github.com/ccfzy/pdf.html]
[github.com/cdmalon/pdf.html]
[github.com/CentralHydraulics/pdf.html]
[github.com/cesaryopasa/pdf.html]
[github.com/chachonen/pdf.html]
[github.com/chadfry/pdf.html]
[github.com/chage/pdf.html]
[github.com/chambita/pdf.html]
[github.com/chanified/pdf.html]
[github.com/chenlibin8920/pdf.html]
[github.com/chenosaurus/pdf.html]
[github.com/chenruixuan/pdf.html]
[github.com/chenzihui/pdf.html]
[github.com/Chesare9/pdf.html]
[github.com/chetandhembre/pdf.html]
[github.com/chexy/pdf.html]
[github.com/chinayan/pdf.html]
[github.com/chinmayrane/pdf.html]
[github.com/chinnurtb/pdf.html]
[github.com/chrisbratlien/pdf.html]
[github.com/chrissmithhill/pdf.html]
[github.com/cigraphics/pdf.html]
[github.com/claytonbench/pdf.html]
[github.com/cleberjsantos/pdf.html]
[github.com/clipi/pdf.html]
[github.com/cnshenyi/pdf.html]
[github.com/codeinpeace/pdf.html]
[github.com/coderlabs/pdf.html]
[github.com/codetrail/pdf.html]
[github.com/innovationhero/pdf.html]
[github.com/codiSeat/pdf.html]
[github.com/colbat/pdf.html]
[github.com/colcodev/pdf.html]
[github.com/coodoo/pdf.html]
[github.com/cpurodriguez/pdf.html]
[github.com/csillag/pdf.html]
[github.com/ctfzh/pdf.html]
[github.com/cuifuxuan/pdf.html]
[github.com/curveto-gh/pdf.html]
[github.com/cyclicalnight/pdf.html]
[github.com/cyrobmm/pdf.html]
[github.com/czaber/pdf.html]
[github.com/czchen/pdf.html]
[github.com/dagwieers/pdf.html]
[github.com/daihuaye/pdf.html]
[github.com/dalin/pdf.html]
[github.com/damutine/pdf.html]
[github.com/dangtuo/pdf.html]
[github.com/netyum/pdf.html]
[github.com/danieljohansson/pdf.html]
[github.com/danielt69/pdf.html]
[github.com/dankurka/pdf.html]
[github.com/dardevelin/pdf.html]
[github.com/darkyen/pdf.html]
[github.com/darnyte/pdf.html]
[github.com/darrending/pdf.html]
[github.com/dasqrd73/pdf.html]
[github.com/davebalmer/pdf.html]
[github.com/david99999/pdf.html]
[github.com/ddonng/pdf.html]
[github.com/debloper/pdf.html]
[github.com/SahilC/pdf.html]
[github.com/deepakmakhija/pdf.html]
[github.com/demonslord/pdf.html]
[github.com/dennyho/pdf.html]
[github.com/derambroken/pdf.html]
[github.com/devcrust/pdf.html]
[github.com/devietti/pdf.html]
[github.com/devlato/pdf.html]
[github.com/devongovett/pdf.html]
[github.com/dhcustom/pdf.html]
[github.com/dheerajjain/pdf.html]
[github.com/dhelip/pdf.html]
[github.com/dhirajbodicherla/pdf.html]
[github.com/dhruvmonga/pdf.html]
[github.com/Diffio/pdf.html]
[github.com/digitarald/pdf.html]
[github.com/dinamic/pdf.html]
[github.com/dingyonglaw/pdf.html]
[github.com/dipson/pdf.html]
[github.com/divergentdave/pdf.html]
[github.com/djrondon/pdf.html]
[github.com/djverlinden/pdf.html]
[github.com/dncarley/pdf.html]
[github.com/dokoeur/pdf.html]
[github.com/donaldhuan/pdf.html]
[github.com/dougajmcdonald/pdf.html]
[github.com/downrightmike/pdf.html]
[github.com/dpliatsios/pdf.html]
[github.com/dpowl/pdf.html]
[github.com/draude/pdf.html]
[github.com/dreamfrog/pdf.html]
[github.com/drefrant/pdf.html]
[github.com/drewwells/pdf.html]
[github.com/Drnutsu/pdf.html]
[github.com/dshorthouse/pdf.html]
[github.com/dsub15/pdf.html]
[github.com/ducarroz/pdf.html]
[github.com/DunkRa/pdf.html]
[github.com/duracipatie/pdf.html]
[github.com/earlymeme/pdf.html]
[github.com/EarMaster/pdf.html]
[github.com/ebraminio/pdf.html]
[github.com/ecaroth/pdf.html]
[github.com/edgar/pdf.html]
[github.com/edpzjh/pdf.html]
[github.com/edysetiawan/pdf.html]
[github.com/ehsan/pdf.html]
[github.com/ejchet/pdf.html]
[github.com/ejjy/pdf.html]
[github.com/Ekallatum/pdf.html]
[github.com/ekiilu/pdf.html]
[github.com/electronM/pdf.html]
[github.com/elifkeir/pdf.html]
[github.com/elrapha/pdf.html]
[github.com/eltuza/pdf.html]
[github.com/elzafirox/pdf.html]
[github.com/emaldonadond/pdf.html]
[github.com/emeatown/pdf.html]
[github.com/Emmnuelo/pdf.html]
[github.com/enbifa/pdf.html]
[github.com/eos87/pdf.html]
[github.com/Epictetus/pdf.html]
[github.com/epplestun/pdf.html]
[github.com/Eric013/pdf.html]
[github.com/ErikZhou/pdf.html]
[github.com/erozier/pdf.html]
[github.com/ethanliew/pdf.html]
[github.com/Eun/pdf.html]
[github.com/eventa/pdf.html]
[github.com/evilpie/pdf.html]
[github.com/eyekiller/pdf.html]
[github.com/eyvvil/pdf.html]
[github.com/f2er/pdf.html]
[github.com/faaksa/pdf.html]
[github.com/faikmalik/pdf.html]
[github.com/fchasen/pdf.html]
[github.com/fedegarlo/pdf.html]
[github.com/fengli/pdf.html]
[github.com/hellobin/pdf.html]
[github.com/fengxiaofeng/pdf.html]
[github.com/fengyiyi/pdf.html]
[github.com/fertorres10/pdf.html]
[github.com/mozilla/pdf.js/issuesfb31.html]
[github.com/torretoo/pdf.html]
[github.com/Cahya/pdf.html]
[github.com/CJD14/pdf.html]
[github.com/colteiv/pdf.html]
[github.com/cskau/pdf.html]
[github.com/darshilSoni/pdf.html]
[github.com/dmmartins/pdf.html]
